Using pre-set license
Built from '2022.3/staging' branch; Version is '2022.3.33f1 (b2c853adf198) revision 11716691'; Using compiler version '192829333'; Build Type 'Release'
OS: 'Windows 11  (10.0.22631) 64bit Professional' Language: 'en' Physical Memory: 32578 MB
BatchMode: 1, IsHumanControllingUs: 0, StartBugReporterOnCrash: 0, Is64bit: 1, IsPro: 1

COMMAND LINE ARGUMENTS:
C:\Program Files\Unity\Hub\Editor\2022.3.33f1\Editor\Unity.exe
-adb2
-batchMode
-noUpm
-name
AssetImportWorker7
-projectPath
D:/Slave_Knight/Slave_knight/Dungeon_part1
-logFile
Logs/AssetImportWorker7.log
-srvPort
52929
Successfully changed project path to: D:/Slave_Knight/Slave_knight/Dungeon_part1
D:/Slave_Knight/Slave_knight/Dungeon_part1
[UnityMemory] Configuration Parameters - Can be set up in boot.config
    "memorysetup-bucket-allocator-granularity=16"
    "memorysetup-bucket-allocator-bucket-count=8"
    "memorysetup-bucket-allocator-block-size=33554432"
    "memorysetup-bucket-allocator-block-count=8"
    "memorysetup-main-allocator-block-size=16777216"
    "memorysetup-thread-allocator-block-size=16777216"
    "memorysetup-gfx-main-allocator-block-size=16777216"
    "memorysetup-gfx-thread-allocator-block-size=16777216"
    "memorysetup-cache-allocator-block-size=4194304"
    "memorysetup-typetree-allocator-block-size=2097152"
    "memorysetup-profiler-bucket-allocator-granularity=16"
    "memorysetup-profiler-bucket-allocator-bucket-count=8"
    "memorysetup-profiler-bucket-allocator-block-size=33554432"
    "memorysetup-profiler-bucket-allocator-block-count=8"
    "memorysetup-profiler-allocator-block-size=16777216"
    "memorysetup-profiler-editor-allocator-block-size=1048576"
    "memorysetup-temp-allocator-size-main=16777216"
    "memorysetup-job-temp-allocator-block-size=2097152"
    "memorysetup-job-temp-allocator-block-size-background=1048576"
    "memorysetup-job-temp-allocator-reduction-small-platforms=262144"
    "memorysetup-allocator-temp-initial-block-size-main=262144"
    "memorysetup-allocator-temp-initial-block-size-worker=262144"
    "memorysetup-temp-allocator-size-background-worker=32768"
    "memorysetup-temp-allocator-size-job-worker=262144"
    "memorysetup-temp-allocator-size-preload-manager=33554432"
    "memorysetup-temp-allocator-size-nav-mesh-worker=65536"
    "memorysetup-temp-allocator-size-audio-worker=65536"
    "memorysetup-temp-allocator-size-cloud-worker=32768"
    "memorysetup-temp-allocator-size-gi-baking-worker=262144"
    "memorysetup-temp-allocator-size-gfx=262144"
Player connection [35824] Host "[IP] 192.168.1.103 [Port] 0 [Flags] 2 [Guid] 3648446229 [EditorId] 3648446229 [Version] 1048832 [Id] WindowsEditor(7,DESKTOP-IT94I1T) [Debug] 1 [PackageName] WindowsEditor [ProjectName] Editor" joined multi-casting on [225.0.0.222:54997]...

Player connection [35824] Host "[IP] 192.168.1.103 [Port] 0 [Flags] 2 [Guid] 3648446229 [EditorId] 3648446229 [Version] 1048832 [Id] WindowsEditor(7,DESKTOP-IT94I1T) [Debug] 1 [PackageName] WindowsEditor [ProjectName] Editor" joined alternative multi-casting on [225.0.0.222:34997]...

[PhysX] Initialized MultithreadedTaskDispatcher with 12 workers.
Refreshing native plugins compatible for Editor in 12.17 ms, found 3 plugins.
Preloading 0 native plugins for Editor in 0.00 ms.
Initialize engine version: 2022.3.33f1 (b2c853adf198)
[Subsystems] Discovering subsystems at path C:/Program Files/Unity/Hub/Editor/2022.3.33f1/Editor/Data/Resources/UnitySubsystems
[Subsystems] Discovering subsystems at path D:/Slave_Knight/Slave_knight/Dungeon_part1/Assets
GfxDevice: creating device client; threaded=0; jobified=0
Direct3D:
    Version:  Direct3D 11.0 [level 11.1]
    Renderer: NVIDIA GeForce GTX 1080 (ID=0x1b80)
    Vendor:   NVIDIA
    VRAM:     8079 MB
    Driver:   31.0.15.2225
Initialize mono
Mono path[0] = 'C:/Program Files/Unity/Hub/Editor/2022.3.33f1/Editor/Data/Managed'
Mono path[1] = 'C:/Program Files/Unity/Hub/Editor/2022.3.33f1/Editor/Data/MonoBleedingEdge/lib/mono/unityjit-win32'
Mono config path = 'C:/Program Files/Unity/Hub/Editor/2022.3.33f1/Editor/Data/MonoBleedingEdge/etc'
Using monoOptions --debugger-agent=transport=dt_socket,embedding=1,server=y,suspend=n,address=127.0.0.1:56324
Begin MonoManager ReloadAssembly
Registering precompiled unity dll's ...
Register platform support module: C:/Program Files/Unity/Hub/Editor/2022.3.33f1/Editor/Data/PlaybackEngines/WebGLSupport/UnityEditor.WebGL.Extensions.dll
Register platform support module: C:/Program Files/Unity/Hub/Editor/2022.3.33f1/Editor/Data/PlaybackEngines/WindowsStandaloneSupport/UnityEditor.WindowsStandalone.Extensions.dll
Registered in 0.019569 seconds.
- Loaded All Assemblies, in  0.524 seconds
Native extension for WindowsStandalone target not found
Native extension for WebGL target not found
Mono: successfully reloaded assembly
- Finished resetting the current domain, in  0.315 seconds
Domain Reload Profiling: 833ms
	BeginReloadAssembly (130ms)
		ExecutionOrderSort (0ms)
		DisableScriptedObjects (0ms)
		BackupInstance (0ms)
		ReleaseScriptingObjects (0ms)
		CreateAndSetChildDomain (1ms)
	RebuildCommonClasses (67ms)
	RebuildNativeTypeToScriptingClass (21ms)
	initialDomainReloadingComplete (104ms)
	LoadAllAssembliesAndSetupDomain (196ms)
		LoadAssemblies (128ms)
		RebuildTransferFunctionScriptingTraits (0ms)
		AnalyzeDomain (192ms)
			TypeCache.Refresh (190ms)
				TypeCache.ScanAssembly (167ms)
			ScanForSourceGeneratedMonoScriptInfo (0ms)
			ResolveRequiredComponents (0ms)
	FinalizeReload (315ms)
		ReleaseScriptCaches (0ms)
		RebuildScriptCaches (0ms)
		SetupLoadedEditorAssemblies (253ms)
			LogAssemblyErrors (0ms)
			InitializePlatformSupportModulesInManaged (19ms)
			SetLoadedEditorAssemblies (5ms)
			RefreshPlugins (0ms)
			BeforeProcessingInitializeOnLoad (3ms)
			ProcessInitializeOnLoadAttributes (169ms)
			ProcessInitializeOnLoadMethodAttributes (57ms)
			AfterProcessingInitializeOnLoad (0ms)
			EditorAssembliesLoaded (0ms)
		ExecutionOrderSort2 (0ms)
		AwakeInstancesAfterBackupRestoration (0ms)
========================================================================
Worker process is ready to serve import requests
Begin MonoManager ReloadAssembly
- Loaded All Assemblies, in  0.647 seconds
Refreshing native plugins compatible for Editor in 3.11 ms, found 3 plugins.
Native extension for WindowsStandalone target not found
Native extension for WebGL target not found
Package Manager log level set to [2]
[Package Manager] Server::EnsureServerProcessIsRunning -- launch failed, reason: Unity was launched with the -noUpm command-line argument
[Package Manager] UpmClient::Send -- Unable to send message (not connected to UPM process).
[Package Manager] Cannot connect to Unity Package Manager local server
Mono: successfully reloaded assembly
- Finished resetting the current domain, in  0.612 seconds
Domain Reload Profiling: 1256ms
	BeginReloadAssembly (163ms)
		ExecutionOrderSort (0ms)
		DisableScriptedObjects (6ms)
		BackupInstance (0ms)
		ReleaseScriptingObjects (0ms)
		CreateAndSetChildDomain (21ms)
	RebuildCommonClasses (44ms)
	RebuildNativeTypeToScriptingClass (11ms)
	initialDomainReloadingComplete (52ms)
	LoadAllAssembliesAndSetupDomain (373ms)
		LoadAssemblies (303ms)
		RebuildTransferFunctionScriptingTraits (0ms)
		AnalyzeDomain (171ms)
			TypeCache.Refresh (151ms)
				TypeCache.ScanAssembly (138ms)
			ScanForSourceGeneratedMonoScriptInfo (14ms)
			ResolveRequiredComponents (5ms)
	FinalizeReload (613ms)
		ReleaseScriptCaches (0ms)
		RebuildScriptCaches (0ms)
		SetupLoadedEditorAssemblies (451ms)
			LogAssemblyErrors (0ms)
			InitializePlatformSupportModulesInManaged (11ms)
			SetLoadedEditorAssemblies (5ms)
			RefreshPlugins (0ms)
			BeforeProcessingInitializeOnLoad (62ms)
			ProcessInitializeOnLoadAttributes (336ms)
			ProcessInitializeOnLoadMethodAttributes (22ms)
			AfterProcessingInitializeOnLoad (15ms)
			EditorAssembliesLoaded (0ms)
		ExecutionOrderSort2 (0ms)
		AwakeInstancesAfterBackupRestoration (10ms)
Launched and connected shader compiler UnityShaderCompiler.exe after 0.06 seconds
Refreshing native plugins compatible for Editor in 4.07 ms, found 3 plugins.
Preloading 0 native plugins for Editor in 0.00 ms.
Unloading 3116 Unused Serialized files (Serialized files now loaded: 0)
Unloading 32 unused Assets / (30.3 KB). Loaded Objects now: 3604.
Memory consumption went from 222.3 MB to 222.2 MB.
Total: 4.106800 ms (FindLiveObjects: 0.249500 ms CreateObjectMapping: 0.205400 ms MarkObjects: 3.597600 ms  DeleteObjects: 0.053200 ms)

AssetImportParameters requested are different than current active one (requested -> active):
  custom:container-demuxer-ogg: 62fdf1f143b41e24485cea50d1cbac27 -> 
  custom:video-codec-MediaFoundation-h265: 746d11721c4dcdbdad8f713fa42b33f4 -> 
  custom:video-decoder-ogg-theora: a1e56fd34408186e4bbccfd4996cb3dc -> 
  custom:framework-win-MediaFoundation: 216162199b28c13a410421893ffa2e32 -> 
  custom:CustomObjectIndexerAttribute: 9a22284fe3817be447336de3de66b15e -> 
  custom:container-demuxer-webm: 4f35f7cbe854078d1ac9338744f61a02 -> 
  custom:container-muxer-webm: aa71ff27fc2769a1b78a27578f13a17b -> 
  custom:video-decoder-webm-vp8: 9c59270c3fd7afecdb556c50c9e8de78 -> 
  custom:SearchIndexIgnoredProperties: e643bd26f0fe6173181afceb89e7c659 -> 
  custom:AudioImporter_EditorPlatform: d09bf68614088b80899f8185d706f6e7 -> 
  custom:video-encoder-webm-vp8: eb34c28f22e8b96e1ab97ce403110664 -> 
  custom:audio-decoder-ogg-vorbis: bf7c407c2cedff20999df2af8eb42d56 -> 
  custom:audio-encoder-webm-vorbis: bf7c407c2cedff20999df2af8eb42d56 -> 
========================================================================
Received Import Request.
  Time since last request: 32110.430970 seconds.
  path: Assets/Gridness Studios/Elementary Dungeon Pack/Prefabs/Environment/BuildingParts/Railing_A_Corner_Circle.002.prefab
  artifactKey: Guid(97d8a23abd888364392a77ac026685a0) Importer(815301076,1909f56bfc062723c751e8b465ee728b)
Start importing Assets/Gridness Studios/Elementary Dungeon Pack/Prefabs/Environment/BuildingParts/Railing_A_Corner_Circle.002.prefab using Guid(97d8a23abd888364392a77ac026685a0) Importer(815301076,1909f56bfc062723c751e8b465ee728b) [PhysX] Initialized MultithreadedTaskDispatcher with 12 workers.
[PhysX] Initialized MultithreadedTaskDispatcher with 12 workers.
 -> (artifact id: '73b95aac0adb1732151b40fcbf801e05') in 0.123447 seconds
Number of updated asset objects reloaded before import = 0
Number of asset objects unloaded after import = 10
========================================================================
Received Import Request.
  Time since last request: 1.361082 seconds.
  path: Assets/Gridness Studios/Elementary Dungeon Pack/Prefabs/Environment/BuildingParts/Roof_Corner_Arc.prefab
  artifactKey: Guid(64ea8a713b257bc44bdd6683f703f6ec) Importer(815301076,1909f56bfc062723c751e8b465ee728b)
Start importing Assets/Gridness Studios/Elementary Dungeon Pack/Prefabs/Environment/BuildingParts/Roof_Corner_Arc.prefab using Guid(64ea8a713b257bc44bdd6683f703f6ec) Importer(815301076,1909f56bfc062723c751e8b465ee728b) [PhysX] Initialized MultithreadedTaskDispatcher with 12 workers.
[PhysX] Initialized MultithreadedTaskDispatcher with 12 workers.
 -> (artifact id: '2dce59c62f0910d4f6a5f95bf6e6afa9') in 0.017792 seconds
Number of updated asset objects reloaded before import = 0
Number of asset objects unloaded after import = 10
========================================================================
Received Import Request.
  Time since last request: 0.000017 seconds.
  path: Assets/Gridness Studios/Elementary Dungeon Pack/Prefabs/Environment/BuildingParts/Roof_Corner_Arc_Long.prefab
  artifactKey: Guid(8479f91d7300e524b82dce45c456c0fa) Importer(815301076,1909f56bfc062723c751e8b465ee728b)
Start importing Assets/Gridness Studios/Elementary Dungeon Pack/Prefabs/Environment/BuildingParts/Roof_Corner_Arc_Long.prefab using Guid(8479f91d7300e524b82dce45c456c0fa) Importer(815301076,1909f56bfc062723c751e8b465ee728b) [PhysX] Initialized MultithreadedTaskDispatcher with 12 workers.
[PhysX] Initialized MultithreadedTaskDispatcher with 12 workers.
 -> (artifact id: '3fee794aaf3bb513e400cc2c52da975b') in 0.011762 seconds
Number of updated asset objects reloaded before import = 0
Number of asset objects unloaded after import = 10
========================================================================
Received Import Request.
  Time since last request: 0.000021 seconds.
  path: Assets/Gridness Studios/Elementary Dungeon Pack/Prefabs/Environment/BuildingParts/Sewer_Circle.001.prefab
  artifactKey: Guid(18523d113edac23479a5c7dee3fdfe6f) Importer(815301076,1909f56bfc062723c751e8b465ee728b)
Start importing Assets/Gridness Studios/Elementary Dungeon Pack/Prefabs/Environment/BuildingParts/Sewer_Circle.001.prefab using Guid(18523d113edac23479a5c7dee3fdfe6f) Importer(815301076,1909f56bfc062723c751e8b465ee728b) [PhysX] Initialized MultithreadedTaskDispatcher with 12 workers.
[PhysX] Initialized MultithreadedTaskDispatcher with 12 workers.
 -> (artifact id: '12200e1ed6aacde16c53e932b4bcb04f') in 0.012693 seconds
Number of updated asset objects reloaded before import = 0
Number of asset objects unloaded after import = 10
========================================================================
Received Import Request.
  Time since last request: 0.428915 seconds.
  path: Assets/Gridness Studios/Elementary Dungeon Pack/Prefabs/Environment/BuildingParts/SmallArch_Column.prefab
  artifactKey: Guid(b31d60b9f653a5746ab0d5def25500c5) Importer(815301076,1909f56bfc062723c751e8b465ee728b)
Start importing Assets/Gridness Studios/Elementary Dungeon Pack/Prefabs/Environment/BuildingParts/SmallArch_Column.prefab using Guid(b31d60b9f653a5746ab0d5def25500c5) Importer(815301076,1909f56bfc062723c751e8b465ee728b) [PhysX] Initialized MultithreadedTaskDispatcher with 12 workers.
[PhysX] Initialized MultithreadedTaskDispatcher with 12 workers.
 -> (artifact id: 'bc619078be93dc85f41d94129117dd04') in 0.013774 seconds
Number of updated asset objects reloaded before import = 0
Number of asset objects unloaded after import = 10
========================================================================
Received Import Request.
  Time since last request: 0.000021 seconds.
  path: Assets/Gridness Studios/Elementary Dungeon Pack/Prefabs/Environment/BuildingParts/Stair_Railing_Full.prefab
  artifactKey: Guid(c1e736649a35ad648a2e7bbd8397c023) Importer(815301076,1909f56bfc062723c751e8b465ee728b)
Start importing Assets/Gridness Studios/Elementary Dungeon Pack/Prefabs/Environment/BuildingParts/Stair_Railing_Full.prefab using Guid(c1e736649a35ad648a2e7bbd8397c023) Importer(815301076,1909f56bfc062723c751e8b465ee728b) [PhysX] Initialized MultithreadedTaskDispatcher with 12 workers.
[PhysX] Initialized MultithreadedTaskDispatcher with 12 workers.
 -> (artifact id: 'e338bc3e4aae790e3fd541e05ed30e9d') in 0.014116 seconds
Number of updated asset objects reloaded before import = 0
Number of asset objects unloaded after import = 10
========================================================================
Received Import Request.
  Time since last request: 0.000016 seconds.
  path: Assets/Gridness Studios/Elementary Dungeon Pack/Prefabs/Environment/BuildingParts/Stand_B.prefab
  artifactKey: Guid(54d05ad6ff04c5c4aa9ee0e57ac1aca1) Importer(815301076,1909f56bfc062723c751e8b465ee728b)
Start importing Assets/Gridness Studios/Elementary Dungeon Pack/Prefabs/Environment/BuildingParts/Stand_B.prefab using Guid(54d05ad6ff04c5c4aa9ee0e57ac1aca1) Importer(815301076,1909f56bfc062723c751e8b465ee728b) [PhysX] Initialized MultithreadedTaskDispatcher with 12 workers.
[PhysX] Initialized MultithreadedTaskDispatcher with 12 workers.
 -> (artifact id: '8c88ac8a05ac7e56191171c11fd088c1') in 0.013497 seconds
Number of updated asset objects reloaded before import = 0
Number of asset objects unloaded after import = 10
========================================================================
Received Import Request.
  Time since last request: 0.000023 seconds.
  path: Assets/Gridness Studios/Elementary Dungeon Pack/Prefabs/Environment/BuildingParts/Stone_Pile.prefab
  artifactKey: Guid(edf16970d90752d4aa4aa99e752dd762) Importer(815301076,1909f56bfc062723c751e8b465ee728b)
Start importing Assets/Gridness Studios/Elementary Dungeon Pack/Prefabs/Environment/BuildingParts/Stone_Pile.prefab using Guid(edf16970d90752d4aa4aa99e752dd762) Importer(815301076,1909f56bfc062723c751e8b465ee728b) [PhysX] Initialized MultithreadedTaskDispatcher with 12 workers.
[PhysX] Initialized MultithreadedTaskDispatcher with 12 workers.
 -> (artifact id: '84b68b8a70b823e3ec26c9dfb477b8ca') in 0.013742 seconds
Number of updated asset objects reloaded before import = 0
Number of asset objects unloaded after import = 10
========================================================================
Received Import Request.
  Time since last request: 0.000025 seconds.
  path: Assets/Gridness Studios/Elementary Dungeon Pack/Prefabs/Environment/BuildingParts/Stair.prefab
  artifactKey: Guid(7650f5a3c5345c243b8a281447d20541) Importer(815301076,1909f56bfc062723c751e8b465ee728b)
Start importing Assets/Gridness Studios/Elementary Dungeon Pack/Prefabs/Environment/BuildingParts/Stair.prefab using Guid(7650f5a3c5345c243b8a281447d20541) Importer(815301076,1909f56bfc062723c751e8b465ee728b) [PhysX] Initialized MultithreadedTaskDispatcher with 12 workers.
[PhysX] Initialized MultithreadedTaskDispatcher with 12 workers.
 -> (artifact id: '16d5f6f78916b5c5706026214134f433') in 0.013224 seconds
Number of updated asset objects reloaded before import = 0
Number of asset objects unloaded after import = 10
========================================================================
Received Import Request.
  Time since last request: 0.000022 seconds.
  path: Assets/Gridness Studios/Elementary Dungeon Pack/Prefabs/Environment/BuildingParts/VaultCeiling_4Side.prefab
  artifactKey: Guid(b742ac28319526246bf306e266677671) Importer(815301076,1909f56bfc062723c751e8b465ee728b)
Start importing Assets/Gridness Studios/Elementary Dungeon Pack/Prefabs/Environment/BuildingParts/VaultCeiling_4Side.prefab using Guid(b742ac28319526246bf306e266677671) Importer(815301076,1909f56bfc062723c751e8b465ee728b) [PhysX] Initialized MultithreadedTaskDispatcher with 12 workers.
[PhysX] Initialized MultithreadedTaskDispatcher with 12 workers.
 -> (artifact id: 'c04e7d4e58c29cc399d9c047dec636c0') in 0.012189 seconds
Number of updated asset objects reloaded before import = 0
Number of asset objects unloaded after import = 10
========================================================================
Received Import Request.
  Time since last request: 0.000024 seconds.
  path: Assets/Gridness Studios/Elementary Dungeon Pack/Prefabs/Environment/BuildingParts/Tower.prefab
  artifactKey: Guid(4f67054675e9a5e4492c11a5cff1e6e3) Importer(815301076,1909f56bfc062723c751e8b465ee728b)
Start importing Assets/Gridness Studios/Elementary Dungeon Pack/Prefabs/Environment/BuildingParts/Tower.prefab using Guid(4f67054675e9a5e4492c11a5cff1e6e3) Importer(815301076,1909f56bfc062723c751e8b465ee728b) [PhysX] Initialized MultithreadedTaskDispatcher with 12 workers.
[PhysX] Initialized MultithreadedTaskDispatcher with 12 workers.
 -> (artifact id: 'e7191299b1c5fba406e58db177b2c4a6') in 0.032592 seconds
Number of updated asset objects reloaded before import = 0
Number of asset objects unloaded after import = 259
========================================================================
Received Import Request.
  Time since last request: 0.000017 seconds.
  path: Assets/Gridness Studios/Elementary Dungeon Pack/Prefabs/Environment/BuildingParts/VaultCeiling_4Side_Small.prefab
  artifactKey: Guid(ff53438d69720ab40af28648a7743b84) Importer(815301076,1909f56bfc062723c751e8b465ee728b)
Start importing Assets/Gridness Studios/Elementary Dungeon Pack/Prefabs/Environment/BuildingParts/VaultCeiling_4Side_Small.prefab using Guid(ff53438d69720ab40af28648a7743b84) Importer(815301076,1909f56bfc062723c751e8b465ee728b) [PhysX] Initialized MultithreadedTaskDispatcher with 12 workers.
[PhysX] Initialized MultithreadedTaskDispatcher with 12 workers.
 -> (artifact id: '2b7f60fc2f581cf0707a079b3c9f2775') in 0.015150 seconds
Number of updated asset objects reloaded before import = 0
Number of asset objects unloaded after import = 10
========================================================================
Received Import Request.
  Time since last request: 0.000023 seconds.
  path: Assets/Gridness Studios/Elementary Dungeon Pack/Prefabs/Environment/BuildingParts/Stair_Damaged.prefab
  artifactKey: Guid(6c30d2a44740019429d8b367eac26424) Importer(815301076,1909f56bfc062723c751e8b465ee728b)
Start importing Assets/Gridness Studios/Elementary Dungeon Pack/Prefabs/Environment/BuildingParts/Stair_Damaged.prefab using Guid(6c30d2a44740019429d8b367eac26424) Importer(815301076,1909f56bfc062723c751e8b465ee728b) [PhysX] Initialized MultithreadedTaskDispatcher with 12 workers.
[PhysX] Initialized MultithreadedTaskDispatcher with 12 workers.
 -> (artifact id: '5a76d9c792766cc2cc345a7b5a2f7ff9') in 0.013360 seconds
Number of updated asset objects reloaded before import = 0
Number of asset objects unloaded after import = 10
========================================================================
Received Import Request.
  Time since last request: 0.000022 seconds.
  path: Assets/Gridness Studios/Elementary Dungeon Pack/Prefabs/Environment/BuildingParts/Stairside_B.prefab
  artifactKey: Guid(f3760bb70f3ff194d9c2e9e0f402264e) Importer(815301076,1909f56bfc062723c751e8b465ee728b)
Start importing Assets/Gridness Studios/Elementary Dungeon Pack/Prefabs/Environment/BuildingParts/Stairside_B.prefab using Guid(f3760bb70f3ff194d9c2e9e0f402264e) Importer(815301076,1909f56bfc062723c751e8b465ee728b) [PhysX] Initialized MultithreadedTaskDispatcher with 12 workers.
[PhysX] Initialized MultithreadedTaskDispatcher with 12 workers.
 -> (artifact id: 'b795ba6335c845dbe1993094d71b68b1') in 0.012988 seconds
Number of updated asset objects reloaded before import = 0
Number of asset objects unloaded after import = 10
========================================================================
Received Import Request.
  Time since last request: 0.667508 seconds.
  path: Assets/Gridness Studios/Elementary Dungeon Pack/Prefabs/Environment/BuildingParts/Wall_Arch_A.prefab
  artifactKey: Guid(e0f7504810e3d9c48a35f6ea1681f19d) Importer(815301076,1909f56bfc062723c751e8b465ee728b)
Start importing Assets/Gridness Studios/Elementary Dungeon Pack/Prefabs/Environment/BuildingParts/Wall_Arch_A.prefab using Guid(e0f7504810e3d9c48a35f6ea1681f19d) Importer(815301076,1909f56bfc062723c751e8b465ee728b) [PhysX] Initialized MultithreadedTaskDispatcher with 12 workers.
[PhysX] Initialized MultithreadedTaskDispatcher with 12 workers.
 -> (artifact id: '0d48de56a9d378122163cc86479c0986') in 0.014700 seconds
Number of updated asset objects reloaded before import = 0
Number of asset objects unloaded after import = 10
========================================================================
Received Import Request.
  Time since last request: 0.000019 seconds.
  path: Assets/Gridness Studios/Elementary Dungeon Pack/Prefabs/Environment/BuildingParts/Wall_Arch_B.prefab
  artifactKey: Guid(2904970be4c367c4dbad4074dbc77367) Importer(815301076,1909f56bfc062723c751e8b465ee728b)
Start importing Assets/Gridness Studios/Elementary Dungeon Pack/Prefabs/Environment/BuildingParts/Wall_Arch_B.prefab using Guid(2904970be4c367c4dbad4074dbc77367) Importer(815301076,1909f56bfc062723c751e8b465ee728b) [PhysX] Initialized MultithreadedTaskDispatcher with 12 workers.
[PhysX] Initialized MultithreadedTaskDispatcher with 12 workers.
 -> (artifact id: 'd37ab4a1a9512e9ca42d09c2153de034') in 0.014895 seconds
Number of updated asset objects reloaded before import = 0
Number of asset objects unloaded after import = 10
========================================================================
Received Import Request.
  Time since last request: 0.000018 seconds.
  path: Assets/Gridness Studios/Elementary Dungeon Pack/Prefabs/Environment/BuildingParts/Wall_Arch_A.001.prefab
  artifactKey: Guid(54656ac19fbf6434bb7712ab040fd81e) Importer(815301076,1909f56bfc062723c751e8b465ee728b)
Start importing Assets/Gridness Studios/Elementary Dungeon Pack/Prefabs/Environment/BuildingParts/Wall_Arch_A.001.prefab using Guid(54656ac19fbf6434bb7712ab040fd81e) Importer(815301076,1909f56bfc062723c751e8b465ee728b) [PhysX] Initialized MultithreadedTaskDispatcher with 12 workers.
[PhysX] Initialized MultithreadedTaskDispatcher with 12 workers.
 -> (artifact id: 'a87ec1c14796ca53acc8ab732d0634af') in 0.014739 seconds
Number of updated asset objects reloaded before import = 0
Number of asset objects unloaded after import = 10
========================================================================
Received Import Request.
  Time since last request: 0.005115 seconds.
  path: Assets/Gridness Studios/Elementary Dungeon Pack/Prefabs/Environment/BuildingParts/Wall_ArchColumn_Squared.prefab
  artifactKey: Guid(cfae723db5cfb7b4e94c85bb86ef4ff0) Importer(815301076,1909f56bfc062723c751e8b465ee728b)
Start importing Assets/Gridness Studios/Elementary Dungeon Pack/Prefabs/Environment/BuildingParts/Wall_ArchColumn_Squared.prefab using Guid(cfae723db5cfb7b4e94c85bb86ef4ff0) Importer(815301076,1909f56bfc062723c751e8b465ee728b) [PhysX] Initialized MultithreadedTaskDispatcher with 12 workers.
[PhysX] Initialized MultithreadedTaskDispatcher with 12 workers.
 -> (artifact id: '2b5eeeaef0a6f5e9d2f7a803d9c1d642') in 0.011399 seconds
Number of updated asset objects reloaded before import = 0
Number of asset objects unloaded after import = 25
========================================================================
Received Import Request.
  Time since last request: 0.000026 seconds.
  path: Assets/Gridness Studios/Elementary Dungeon Pack/Prefabs/Environment/BuildingParts/Wall_Corner.prefab
  artifactKey: Guid(57cefdc18c23c6042a82bdc9aa659c1f) Importer(815301076,1909f56bfc062723c751e8b465ee728b)
Start importing Assets/Gridness Studios/Elementary Dungeon Pack/Prefabs/Environment/BuildingParts/Wall_Corner.prefab using Guid(57cefdc18c23c6042a82bdc9aa659c1f) Importer(815301076,1909f56bfc062723c751e8b465ee728b) [PhysX] Initialized MultithreadedTaskDispatcher with 12 workers.
[PhysX] Initialized MultithreadedTaskDispatcher with 12 workers.
 -> (artifact id: 'a610365d3fda3060c00123ed707f2c56') in 0.017047 seconds
Number of updated asset objects reloaded before import = 0
Number of asset objects unloaded after import = 10
========================================================================
Received Import Request.
  Time since last request: 0.000018 seconds.
  path: Assets/Gridness Studios/Elementary Dungeon Pack/Prefabs/Environment/BuildingParts/Wall_Damaged_A.prefab
  artifactKey: Guid(47230e0f66ce4834bbb4619ff110bf06) Importer(815301076,1909f56bfc062723c751e8b465ee728b)
Start importing Assets/Gridness Studios/Elementary Dungeon Pack/Prefabs/Environment/BuildingParts/Wall_Damaged_A.prefab using Guid(47230e0f66ce4834bbb4619ff110bf06) Importer(815301076,1909f56bfc062723c751e8b465ee728b) [PhysX] Initialized MultithreadedTaskDispatcher with 12 workers.
[PhysX] Initialized MultithreadedTaskDispatcher with 12 workers.
 -> (artifact id: '765ecb8f1136fbd0adee887a4c1d99ac') in 0.013808 seconds
Number of updated asset objects reloaded before import = 0
Number of asset objects unloaded after import = 10
========================================================================
Received Import Request.
  Time since last request: 0.000019 seconds.
  path: Assets/Gridness Studios/Elementary Dungeon Pack/Prefabs/Environment/BuildingParts/Wall_Damaged_F.prefab
  artifactKey: Guid(93d36cdac54f0bf4c84113a196ffc658) Importer(815301076,1909f56bfc062723c751e8b465ee728b)
Start importing Assets/Gridness Studios/Elementary Dungeon Pack/Prefabs/Environment/BuildingParts/Wall_Damaged_F.prefab using Guid(93d36cdac54f0bf4c84113a196ffc658) Importer(815301076,1909f56bfc062723c751e8b465ee728b) [PhysX] Initialized MultithreadedTaskDispatcher with 12 workers.
[PhysX] Initialized MultithreadedTaskDispatcher with 12 workers.
 -> (artifact id: '7c64eea5bbd8b20582a1556510c783b6') in 0.013969 seconds
Number of updated asset objects reloaded before import = 0
Number of asset objects unloaded after import = 10
========================================================================
Received Import Request.
  Time since last request: 0.000021 seconds.
  path: Assets/Gridness Studios/Elementary Dungeon Pack/Prefabs/Environment/BuildingParts/Wall_Corner_Inner.prefab
  artifactKey: Guid(f39a2371a5ae22f4ea2489fbe0d7103d) Importer(815301076,1909f56bfc062723c751e8b465ee728b)
Start importing Assets/Gridness Studios/Elementary Dungeon Pack/Prefabs/Environment/BuildingParts/Wall_Corner_Inner.prefab using Guid(f39a2371a5ae22f4ea2489fbe0d7103d) Importer(815301076,1909f56bfc062723c751e8b465ee728b) [PhysX] Initialized MultithreadedTaskDispatcher with 12 workers.
[PhysX] Initialized MultithreadedTaskDispatcher with 12 workers.
 -> (artifact id: '9e74ff2ffe628ab120907bf2be91468f') in 0.013605 seconds
Number of updated asset objects reloaded before import = 0
Number of asset objects unloaded after import = 10
========================================================================
Received Import Request.
  Time since last request: 0.000017 seconds.
  path: Assets/Gridness Studios/Elementary Dungeon Pack/Prefabs/Environment/BuildingParts/Wall_Damaged_D.prefab
  artifactKey: Guid(f43f54b44838f7f40a095fea9fcf42a7) Importer(815301076,1909f56bfc062723c751e8b465ee728b)
Start importing Assets/Gridness Studios/Elementary Dungeon Pack/Prefabs/Environment/BuildingParts/Wall_Damaged_D.prefab using Guid(f43f54b44838f7f40a095fea9fcf42a7) Importer(815301076,1909f56bfc062723c751e8b465ee728b) [PhysX] Initialized MultithreadedTaskDispatcher with 12 workers.
[PhysX] Initialized MultithreadedTaskDispatcher with 12 workers.
 -> (artifact id: 'a65366af305688d10a62cd126e4ee200') in 0.014113 seconds
Number of updated asset objects reloaded before import = 0
Number of asset objects unloaded after import = 10
========================================================================
Received Import Request.
  Time since last request: 0.000036 seconds.
  path: Assets/Gridness Studios/Elementary Dungeon Pack/Prefabs/Environment/BuildingParts/Wall_Damaged_G.prefab
  artifactKey: Guid(9d088107dcec9134d8cc85ccd37a37d1) Importer(815301076,1909f56bfc062723c751e8b465ee728b)
Start importing Assets/Gridness Studios/Elementary Dungeon Pack/Prefabs/Environment/BuildingParts/Wall_Damaged_G.prefab using Guid(9d088107dcec9134d8cc85ccd37a37d1) Importer(815301076,1909f56bfc062723c751e8b465ee728b) [PhysX] Initialized MultithreadedTaskDispatcher with 12 workers.
[PhysX] Initialized MultithreadedTaskDispatcher with 12 workers.
 -> (artifact id: 'f10ba4e9151fce11290e03f9809d290e') in 0.015032 seconds
Number of updated asset objects reloaded before import = 0
Number of asset objects unloaded after import = 10
========================================================================
Received Import Request.
  Time since last request: 1.152702 seconds.
  path: Assets/Gridness Studios/Elementary Dungeon Pack/Prefabs/Environment/BuildingParts/Wall_Damagedwood.prefab
  artifactKey: Guid(5c135da02f598234c98493374d900eda) Importer(815301076,1909f56bfc062723c751e8b465ee728b)
Start importing Assets/Gridness Studios/Elementary Dungeon Pack/Prefabs/Environment/BuildingParts/Wall_Damagedwood.prefab using Guid(5c135da02f598234c98493374d900eda) Importer(815301076,1909f56bfc062723c751e8b465ee728b) [PhysX] Initialized MultithreadedTaskDispatcher with 12 workers.
[PhysX] Initialized MultithreadedTaskDispatcher with 12 workers.
 -> (artifact id: 'bc1986d68da741de4149b2fe6de2eaaa') in 0.015055 seconds
Number of updated asset objects reloaded before import = 0
Number of asset objects unloaded after import = 10
========================================================================
Received Import Request.
  Time since last request: 0.000016 seconds.
  path: Assets/Gridness Studios/Elementary Dungeon Pack/Prefabs/Environment/BuildingParts/Wall_Floor_Divider_A.prefab
  artifactKey: Guid(a25240ea22ff5dc419a64275b8617ef8) Importer(815301076,1909f56bfc062723c751e8b465ee728b)
Start importing Assets/Gridness Studios/Elementary Dungeon Pack/Prefabs/Environment/BuildingParts/Wall_Floor_Divider_A.prefab using Guid(a25240ea22ff5dc419a64275b8617ef8) Importer(815301076,1909f56bfc062723c751e8b465ee728b) [PhysX] Initialized MultithreadedTaskDispatcher with 12 workers.
[PhysX] Initialized MultithreadedTaskDispatcher with 12 workers.
 -> (artifact id: '570c240ce3a5b124dffb4653a398300f') in 0.012084 seconds
Number of updated asset objects reloaded before import = 0
Number of asset objects unloaded after import = 10
========================================================================
Received Import Request.
  Time since last request: 0.000024 seconds.
  path: Assets/Gridness Studios/Elementary Dungeon Pack/Prefabs/Environment/BuildingParts/Wall_Floor_Divider_B.prefab
  artifactKey: Guid(3becc6b0cbc1232469ac31352b817d47) Importer(815301076,1909f56bfc062723c751e8b465ee728b)
Start importing Assets/Gridness Studios/Elementary Dungeon Pack/Prefabs/Environment/BuildingParts/Wall_Floor_Divider_B.prefab using Guid(3becc6b0cbc1232469ac31352b817d47) Importer(815301076,1909f56bfc062723c751e8b465ee728b) [PhysX] Initialized MultithreadedTaskDispatcher with 12 workers.
[PhysX] Initialized MultithreadedTaskDispatcher with 12 workers.
 -> (artifact id: '108d095da4924eeca45f5f3804c06cc4') in 0.013989 seconds
Number of updated asset objects reloaded before import = 0
Number of asset objects unloaded after import = 10
========================================================================
Received Import Request.
  Time since last request: 0.000021 seconds.
  path: Assets/Gridness Studios/Elementary Dungeon Pack/Prefabs/Environment/BuildingParts/Wall_DoorStandLarge.prefab
  artifactKey: Guid(058f76ccf3b392247b2ec994f4ebaed0) Importer(815301076,1909f56bfc062723c751e8b465ee728b)
Start importing Assets/Gridness Studios/Elementary Dungeon Pack/Prefabs/Environment/BuildingParts/Wall_DoorStandLarge.prefab using Guid(058f76ccf3b392247b2ec994f4ebaed0) Importer(815301076,1909f56bfc062723c751e8b465ee728b) [PhysX] Initialized MultithreadedTaskDispatcher with 12 workers.
[PhysX] Initialized MultithreadedTaskDispatcher with 12 workers.
 -> (artifact id: '9cbda42ce6c8a095bf39c8e7638a8356') in 0.011607 seconds
Number of updated asset objects reloaded before import = 0
Number of asset objects unloaded after import = 10
========================================================================
Received Import Request.
  Time since last request: 0.000021 seconds.
  path: Assets/Gridness Studios/Elementary Dungeon Pack/Prefabs/Environment/BuildingParts/Wall_Rumble.prefab
  artifactKey: Guid(65a9e815cef74b9478f3791ef7abad2b) Importer(815301076,1909f56bfc062723c751e8b465ee728b)
Start importing Assets/Gridness Studios/Elementary Dungeon Pack/Prefabs/Environment/BuildingParts/Wall_Rumble.prefab using Guid(65a9e815cef74b9478f3791ef7abad2b) Importer(815301076,1909f56bfc062723c751e8b465ee728b) [PhysX] Initialized MultithreadedTaskDispatcher with 12 workers.
[PhysX] Initialized MultithreadedTaskDispatcher with 12 workers.
 -> (artifact id: 'cab3c5036f411bf6ca5e69a8990be0a0') in 0.012103 seconds
Number of updated asset objects reloaded before import = 0
Number of asset objects unloaded after import = 10
========================================================================
Received Import Request.
  Time since last request: 0.000018 seconds.
  path: Assets/Gridness Studios/Elementary Dungeon Pack/Prefabs/Environment/BuildingParts/Wall_Stoned_Arch_B.prefab
  artifactKey: Guid(1ac36a7d5f21e67419a19a8707c4128d) Importer(815301076,1909f56bfc062723c751e8b465ee728b)
Start importing Assets/Gridness Studios/Elementary Dungeon Pack/Prefabs/Environment/BuildingParts/Wall_Stoned_Arch_B.prefab using Guid(1ac36a7d5f21e67419a19a8707c4128d) Importer(815301076,1909f56bfc062723c751e8b465ee728b) [PhysX] Initialized MultithreadedTaskDispatcher with 12 workers.
[PhysX] Initialized MultithreadedTaskDispatcher with 12 workers.
 -> (artifact id: 'a0cb27c0a034fa75cf960a452d6e5ee9') in 0.012782 seconds
Number of updated asset objects reloaded before import = 0
Number of asset objects unloaded after import = 10
========================================================================
Received Import Request.
  Time since last request: 0.000020 seconds.
  path: Assets/Gridness Studios/Elementary Dungeon Pack/Prefabs/Environment/BuildingParts/Wall_Stoned_Arch_D.prefab
  artifactKey: Guid(d255ad1a36f582b498c4489133af3180) Importer(815301076,1909f56bfc062723c751e8b465ee728b)
Start importing Assets/Gridness Studios/Elementary Dungeon Pack/Prefabs/Environment/BuildingParts/Wall_Stoned_Arch_D.prefab using Guid(d255ad1a36f582b498c4489133af3180) Importer(815301076,1909f56bfc062723c751e8b465ee728b) [PhysX] Initialized MultithreadedTaskDispatcher with 12 workers.
[PhysX] Initialized MultithreadedTaskDispatcher with 12 workers.
 -> (artifact id: '5b8a055511aef89c17758c7983536a72') in 0.011768 seconds
Number of updated asset objects reloaded before import = 0
Number of asset objects unloaded after import = 10
========================================================================
Received Import Request.
  Time since last request: 0.000018 seconds.
  path: Assets/Gridness Studios/Elementary Dungeon Pack/Prefabs/Environment/BuildingParts/Wall_Stoned_Arch_A.prefab
  artifactKey: Guid(41257f86f4f594b4ba060556e16bdba3) Importer(815301076,1909f56bfc062723c751e8b465ee728b)
Start importing Assets/Gridness Studios/Elementary Dungeon Pack/Prefabs/Environment/BuildingParts/Wall_Stoned_Arch_A.prefab using Guid(41257f86f4f594b4ba060556e16bdba3) Importer(815301076,1909f56bfc062723c751e8b465ee728b) [PhysX] Initialized MultithreadedTaskDispatcher with 12 workers.
[PhysX] Initialized MultithreadedTaskDispatcher with 12 workers.
 -> (artifact id: 'dc46b95c1a141d9b4166663abd398b24') in 0.012329 seconds
Number of updated asset objects reloaded before import = 0
Number of asset objects unloaded after import = 10
========================================================================
Received Import Request.
  Time since last request: 0.862409 seconds.
  path: Assets/Gridness Studios/Elementary Dungeon Pack/Prefabs/Environment/BuildingParts/Window.prefab
  artifactKey: Guid(35fcc7ecab6883242bf05e93f47e5c23) Importer(815301076,1909f56bfc062723c751e8b465ee728b)
Start importing Assets/Gridness Studios/Elementary Dungeon Pack/Prefabs/Environment/BuildingParts/Window.prefab using Guid(35fcc7ecab6883242bf05e93f47e5c23) Importer(815301076,1909f56bfc062723c751e8b465ee728b) [PhysX] Initialized MultithreadedTaskDispatcher with 12 workers.
[PhysX] Initialized MultithreadedTaskDispatcher with 12 workers.
 -> (artifact id: 'e4fd94bcb592b4aa57a44ad3d8d6ea02') in 0.012315 seconds
Number of updated asset objects reloaded before import = 0
Number of asset objects unloaded after import = 10
========================================================================
Received Import Request.
  Time since last request: 0.000017 seconds.
  path: Assets/Gridness Studios/Elementary Dungeon Pack/Prefabs/Environment/BuildingParts/Window_Large_Squared.prefab
  artifactKey: Guid(528eaf5ddaa17ee439de51603278ea43) Importer(815301076,1909f56bfc062723c751e8b465ee728b)
Start importing Assets/Gridness Studios/Elementary Dungeon Pack/Prefabs/Environment/BuildingParts/Window_Large_Squared.prefab using Guid(528eaf5ddaa17ee439de51603278ea43) Importer(815301076,1909f56bfc062723c751e8b465ee728b) [PhysX] Initialized MultithreadedTaskDispatcher with 12 workers.
[PhysX] Initialized MultithreadedTaskDispatcher with 12 workers.
 -> (artifact id: '975ef50df2607fb9f63da9dc3f611b2b') in 0.042169 seconds
Number of updated asset objects reloaded before import = 0
Number of asset objects unloaded after import = 25
========================================================================
Received Import Request.
  Time since last request: 0.000037 seconds.
  path: Assets/Gridness Studios/Elementary Dungeon Pack/Prefabs/Environment/BuildingParts/Window_Large_Ironed.prefab
  artifactKey: Guid(c8abd5bef304c5247bd7fe9b7138243c) Importer(815301076,1909f56bfc062723c751e8b465ee728b)
Start importing Assets/Gridness Studios/Elementary Dungeon Pack/Prefabs/Environment/BuildingParts/Window_Large_Ironed.prefab using Guid(c8abd5bef304c5247bd7fe9b7138243c) Importer(815301076,1909f56bfc062723c751e8b465ee728b) [PhysX] Initialized MultithreadedTaskDispatcher with 12 workers.
[PhysX] Initialized MultithreadedTaskDispatcher with 12 workers.
 -> (artifact id: '992516c9af6f085faf4993fe88dfd2a1') in 0.015471 seconds
Number of updated asset objects reloaded before import = 0
Number of asset objects unloaded after import = 29
========================================================================
Received Import Request.
  Time since last request: 0.000021 seconds.
  path: Assets/Gridness Studios/Elementary Dungeon Pack/Prefabs/Environment/BuildingParts/WindowArch.prefab
  artifactKey: Guid(33a6710df9435fe499bb343f11573839) Importer(815301076,1909f56bfc062723c751e8b465ee728b)
Start importing Assets/Gridness Studios/Elementary Dungeon Pack/Prefabs/Environment/BuildingParts/WindowArch.prefab using Guid(33a6710df9435fe499bb343f11573839) Importer(815301076,1909f56bfc062723c751e8b465ee728b) [PhysX] Initialized MultithreadedTaskDispatcher with 12 workers.
[PhysX] Initialized MultithreadedTaskDispatcher with 12 workers.
 -> (artifact id: '66cf78d43bd426b82ffdd811198aa500') in 0.014341 seconds
Number of updated asset objects reloaded before import = 0
Number of asset objects unloaded after import = 10
========================================================================
Received Import Request.
  Time since last request: 0.000028 seconds.
  path: Assets/Gridness Studios/Elementary Dungeon Pack/Prefabs/Environment/BuildingParts/WindowArch_Top.prefab
  artifactKey: Guid(7653c1e9cdac6f341b6536fec295b8f1) Importer(815301076,1909f56bfc062723c751e8b465ee728b)
Start importing Assets/Gridness Studios/Elementary Dungeon Pack/Prefabs/Environment/BuildingParts/WindowArch_Top.prefab using Guid(7653c1e9cdac6f341b6536fec295b8f1) Importer(815301076,1909f56bfc062723c751e8b465ee728b) [PhysX] Initialized MultithreadedTaskDispatcher with 12 workers.
[PhysX] Initialized MultithreadedTaskDispatcher with 12 workers.
 -> (artifact id: '43302aeb70e7ad9ce03835221e562159') in 0.011620 seconds
Number of updated asset objects reloaded before import = 0
Number of asset objects unloaded after import = 10
========================================================================
Received Import Request.
  Time since last request: 0.000025 seconds.
  path: Assets/Gridness Studios/Elementary Dungeon Pack/Prefabs/Environment/BuildingParts/WoodWall_B.prefab
  artifactKey: Guid(41c51f1a60b416a47bf6ed5f3500a8a8) Importer(815301076,1909f56bfc062723c751e8b465ee728b)
Start importing Assets/Gridness Studios/Elementary Dungeon Pack/Prefabs/Environment/BuildingParts/WoodWall_B.prefab using Guid(41c51f1a60b416a47bf6ed5f3500a8a8) Importer(815301076,1909f56bfc062723c751e8b465ee728b) [PhysX] Initialized MultithreadedTaskDispatcher with 12 workers.
[PhysX] Initialized MultithreadedTaskDispatcher with 12 workers.
 -> (artifact id: '3c7a9f95f0aad6aadb3a61504777967e') in 0.012773 seconds
Number of updated asset objects reloaded before import = 0
Number of asset objects unloaded after import = 10
========================================================================
Received Import Request.
  Time since last request: 0.000023 seconds.
  path: Assets/Gridness Studios/Elementary Dungeon Pack/Prefabs/Environment/BuildingParts/Wood_Column_B.prefab
  artifactKey: Guid(89aec42d098d10848ba51a444f111957) Importer(815301076,1909f56bfc062723c751e8b465ee728b)
Start importing Assets/Gridness Studios/Elementary Dungeon Pack/Prefabs/Environment/BuildingParts/Wood_Column_B.prefab using Guid(89aec42d098d10848ba51a444f111957) Importer(815301076,1909f56bfc062723c751e8b465ee728b) [PhysX] Initialized MultithreadedTaskDispatcher with 12 workers.
[PhysX] Initialized MultithreadedTaskDispatcher with 12 workers.
 -> (artifact id: 'ccf2d54ef534195a6dee1606cb2dcb75') in 0.011133 seconds
Number of updated asset objects reloaded before import = 0
Number of asset objects unloaded after import = 10
========================================================================
Received Import Request.
  Time since last request: 1313.988447 seconds.
  path: Assets/Gridness Studios/Elementary Dungeon Pack/Materials/Mat_Dungeon.mat
  artifactKey: Guid(afe250994b8be2d4985f6024a32570de) Importer(815301076,1909f56bfc062723c751e8b465ee728b)
Start importing Assets/Gridness Studios/Elementary Dungeon Pack/Materials/Mat_Dungeon.mat using Guid(afe250994b8be2d4985f6024a32570de) Importer(815301076,1909f56bfc062723c751e8b465ee728b) [PhysX] Initialized MultithreadedTaskDispatcher with 12 workers.
[PhysX] Initialized MultithreadedTaskDispatcher with 12 workers.
 -> (artifact id: 'fe59468088801e1bb1542904daa2484d') in 0.031323 seconds
Number of updated asset objects reloaded before import = 0
Number of asset objects unloaded after import = 2
========================================================================
Received Import Request.
  Time since last request: 0.014373 seconds.
  path: Assets/Gridness Studios/Elementary Dungeon Pack/Materials/Mat_Flag_Red.mat
  artifactKey: Guid(7fe576e5e3e1d7e4ea86226739e776d6) Importer(815301076,1909f56bfc062723c751e8b465ee728b)
Start importing Assets/Gridness Studios/Elementary Dungeon Pack/Materials/Mat_Flag_Red.mat using Guid(7fe576e5e3e1d7e4ea86226739e776d6) Importer(815301076,1909f56bfc062723c751e8b465ee728b) [PhysX] Initialized MultithreadedTaskDispatcher with 12 workers.
[PhysX] Initialized MultithreadedTaskDispatcher with 12 workers.
 -> (artifact id: 'ccc2dab4176c60b2124f946afac35481') in 0.012482 seconds
Number of updated asset objects reloaded before import = 0
Number of asset objects unloaded after import = 2
========================================================================
Received Import Request.
  Time since last request: 0.000017 seconds.
  path: Assets/Gridness Studios/Elementary Dungeon Pack/Materials/Mat_Dungeon_Emission.mat
  artifactKey: Guid(927dbf974297e6a469bd16edb445e782) Importer(815301076,1909f56bfc062723c751e8b465ee728b)
Start importing Assets/Gridness Studios/Elementary Dungeon Pack/Materials/Mat_Dungeon_Emission.mat using Guid(927dbf974297e6a469bd16edb445e782) Importer(815301076,1909f56bfc062723c751e8b465ee728b) [PhysX] Initialized MultithreadedTaskDispatcher with 12 workers.
[PhysX] Initialized MultithreadedTaskDispatcher with 12 workers.
 -> (artifact id: '3ee21a58ab10259917a2d871c1fc96c7') in 0.012104 seconds
Number of updated asset objects reloaded before import = 0
Number of asset objects unloaded after import = 3
========================================================================
Received Import Request.
  Time since last request: 0.000018 seconds.
  path: Assets/Gridness Studios/Elementary Dungeon Pack/Materials/Mat_Flag_Yellow.mat
  artifactKey: Guid(42798d78678af7442951a2d30f536525) Importer(815301076,1909f56bfc062723c751e8b465ee728b)
Start importing Assets/Gridness Studios/Elementary Dungeon Pack/Materials/Mat_Flag_Yellow.mat using Guid(42798d78678af7442951a2d30f536525) Importer(815301076,1909f56bfc062723c751e8b465ee728b) [PhysX] Initialized MultithreadedTaskDispatcher with 12 workers.
[PhysX] Initialized MultithreadedTaskDispatcher with 12 workers.
 -> (artifact id: 'cbe435f0b00e6d934839d02a5023fece') in 0.010484 seconds
Number of updated asset objects reloaded before import = 0
Number of asset objects unloaded after import = 2
========================================================================
Received Import Request.
  Time since last request: 4.210945 seconds.
  path: Assets/Player/Paladin WProp J Nordstrom@Unarmed Run Forward.fbx
  artifactKey: Guid(2b22dbc39ba5741769b3dfc1ce684c00) Importer(815301076,1909f56bfc062723c751e8b465ee728b)
Start importing Assets/Player/Paladin WProp J Nordstrom@Unarmed Run Forward.fbx using Guid(2b22dbc39ba5741769b3dfc1ce684c00) Importer(815301076,1909f56bfc062723c751e8b465ee728b) [PhysX] Initialized MultithreadedTaskDispatcher with 12 workers.
[PhysX] Initialized MultithreadedTaskDispatcher with 12 workers.
[PhysX] Initialized MultithreadedTaskDispatcher with 12 workers.
[PhysX] Initialized MultithreadedTaskDispatcher with 12 workers.
[PhysX] Initialized MultithreadedTaskDispatcher with 12 workers.
[PhysX] Initialized MultithreadedTaskDispatcher with 12 workers.
[PhysX] Initialized MultithreadedTaskDispatcher with 12 workers.
[PhysX] Initialized MultithreadedTaskDispatcher with 12 workers.
[PhysX] Initialized MultithreadedTaskDispatcher with 12 workers.
[PhysX] Initialized MultithreadedTaskDispatcher with 12 workers.
[PhysX] Initialized MultithreadedTaskDispatcher with 12 workers.
 -> (artifact id: '4a6ec29f8fd773db35c63f74c7cedbab') in 0.086835 seconds
Number of updated asset objects reloaded before import = 0
Number of asset objects unloaded after import = 164
========================================================================
Received Import Request.
  Time since last request: 0.235961 seconds.
  path: Assets/PolygonNatureBiomes/PNB_Enchanted_Forest/Materials/Dirt_Leaves_Triplanar_01.mat
  artifactKey: Guid(83ff978e947723d47bf03fcab0c822a6) Importer(815301076,1909f56bfc062723c751e8b465ee728b)
Start importing Assets/PolygonNatureBiomes/PNB_Enchanted_Forest/Materials/Dirt_Leaves_Triplanar_01.mat using Guid(83ff978e947723d47bf03fcab0c822a6) Importer(815301076,1909f56bfc062723c751e8b465ee728b) [PhysX] Initialized MultithreadedTaskDispatcher with 12 workers.
[PhysX] Initialized MultithreadedTaskDispatcher with 12 workers.
 -> (artifact id: 'c7206f97c3ad0015fe6facb2706d1e72') in 0.025723 seconds
Number of updated asset objects reloaded before import = 0
Number of asset objects unloaded after import = 5
========================================================================
Received Import Request.
  Time since last request: 0.000022 seconds.
  path: Assets/PolygonDungeon/Materials/Misc/FX_Dirt.mat
  artifactKey: Guid(1b4ac7f29d5087d489765315ce98b634) Importer(815301076,1909f56bfc062723c751e8b465ee728b)
Start importing Assets/PolygonDungeon/Materials/Misc/FX_Dirt.mat using Guid(1b4ac7f29d5087d489765315ce98b634) Importer(815301076,1909f56bfc062723c751e8b465ee728b) [PhysX] Initialized MultithreadedTaskDispatcher with 12 workers.
[PhysX] Initialized MultithreadedTaskDispatcher with 12 workers.
 -> (artifact id: 'd694057cc270ca58c6fd11f5b69a82e6') in 0.006805 seconds
Number of updated asset objects reloaded before import = 0
Number of asset objects unloaded after import = 1
========================================================================
Received Import Request.
  Time since last request: 15.338994 seconds.
  path: Assets/PolygonDungeon/Materials/Alternatives/Dungeon_Material_01_B.mat
  artifactKey: Guid(2f812bc7d2391f74095c870e8dea3e37) Importer(815301076,1909f56bfc062723c751e8b465ee728b)
Start importing Assets/PolygonDungeon/Materials/Alternatives/Dungeon_Material_01_B.mat using Guid(2f812bc7d2391f74095c870e8dea3e37) Importer(815301076,1909f56bfc062723c751e8b465ee728b) [PhysX] Initialized MultithreadedTaskDispatcher with 12 workers.
[PhysX] Initialized MultithreadedTaskDispatcher with 12 workers.
 -> (artifact id: '5dfaed1fb443d9f62be06a1e694fd0bd') in 0.020990 seconds
Number of updated asset objects reloaded before import = 0
Number of asset objects unloaded after import = 3
========================================================================
Received Import Request.
  Time since last request: 0.000024 seconds.
  path: Assets/PolygonDungeon/Materials/Alternatives/Dungeon_Material_01_C.mat
  artifactKey: Guid(ec4e3847523bb844499342c7de73a9b4) Importer(815301076,1909f56bfc062723c751e8b465ee728b)
Start importing Assets/PolygonDungeon/Materials/Alternatives/Dungeon_Material_01_C.mat using Guid(ec4e3847523bb844499342c7de73a9b4) Importer(815301076,1909f56bfc062723c751e8b465ee728b) [PhysX] Initialized MultithreadedTaskDispatcher with 12 workers.
[PhysX] Initialized MultithreadedTaskDispatcher with 12 workers.
 -> (artifact id: '72235399e64c8bee837a9b57423039ee') in 0.015620 seconds
Number of updated asset objects reloaded before import = 0
Number of asset objects unloaded after import = 3
========================================================================
Received Import Request.
  Time since last request: 31.277231 seconds.
  path: Assets/PolygonDungeon/Materials/Alternatives/Dungeon_Material_03_C.mat
  artifactKey: Guid(3fbade09b83e6684c85f132da96a79bd) Importer(815301076,1909f56bfc062723c751e8b465ee728b)
Start importing Assets/PolygonDungeon/Materials/Alternatives/Dungeon_Material_03_C.mat using Guid(3fbade09b83e6684c85f132da96a79bd) Importer(815301076,1909f56bfc062723c751e8b465ee728b) [PhysX] Initialized MultithreadedTaskDispatcher with 12 workers.
[PhysX] Initialized MultithreadedTaskDispatcher with 12 workers.
 -> (artifact id: 'e34c2ff3f4a3502d59731da40703edc5') in 0.014702 seconds
Number of updated asset objects reloaded before import = 0
Number of asset objects unloaded after import = 3
========================================================================
Received Import Request.
  Time since last request: 2.674320 seconds.
  path: Assets/PolygonNatureBiomes/PNB_Enchanted_Forest/Materials/Plants/Cards/EnchantedTree_Giant_01_Card.mat
  artifactKey: Guid(ca1c2c05b4655aa43b05352f481fc9f7) Importer(815301076,1909f56bfc062723c751e8b465ee728b)
Start importing Assets/PolygonNatureBiomes/PNB_Enchanted_Forest/Materials/Plants/Cards/EnchantedTree_Giant_01_Card.mat using Guid(ca1c2c05b4655aa43b05352f481fc9f7) Importer(815301076,1909f56bfc062723c751e8b465ee728b) [PhysX] Initialized MultithreadedTaskDispatcher with 12 workers.
[PhysX] Initialized MultithreadedTaskDispatcher with 12 workers.
 -> (artifact id: '7629626388941445d95f5c4f3c05351a') in 0.040018 seconds
Number of updated asset objects reloaded before import = 0
Number of asset objects unloaded after import = 5
========================================================================
Received Import Request.
  Time since last request: 1.968916 seconds.
  path: Assets/PolygonNatureBiomes/PNB_Enchanted_Forest/Materials/Plants/EnchantedTree_Mat_01c.mat
  artifactKey: Guid(4706380e27d51ec4d96b81720eb0982b) Importer(815301076,1909f56bfc062723c751e8b465ee728b)
Start importing Assets/PolygonNatureBiomes/PNB_Enchanted_Forest/Materials/Plants/EnchantedTree_Mat_01c.mat using Guid(4706380e27d51ec4d96b81720eb0982b) Importer(815301076,1909f56bfc062723c751e8b465ee728b) [PhysX] Initialized MultithreadedTaskDispatcher with 12 workers.
[PhysX] Initialized MultithreadedTaskDispatcher with 12 workers.
 -> (artifact id: '00d8a3d7f2d22b32d2e52fc517969d20') in 0.041679 seconds
Number of updated asset objects reloaded before import = 0
Number of asset objects unloaded after import = 6
========================================================================
Received Import Request.
  Time since last request: 0.000028 seconds.
  path: Assets/PolygonNatureBiomes/PNB_Enchanted_Forest/Materials/Plants/EnchantedTree_Mat_02.mat
  artifactKey: Guid(e90d3f6e675f86441844690cfc1854da) Importer(815301076,1909f56bfc062723c751e8b465ee728b)
Start importing Assets/PolygonNatureBiomes/PNB_Enchanted_Forest/Materials/Plants/EnchantedTree_Mat_02.mat using Guid(e90d3f6e675f86441844690cfc1854da) Importer(815301076,1909f56bfc062723c751e8b465ee728b) [PhysX] Initialized MultithreadedTaskDispatcher with 12 workers.
[PhysX] Initialized MultithreadedTaskDispatcher with 12 workers.
 -> (artifact id: '1d08e1dac38c09a8e67b4e6b344e496b') in 0.029752 seconds
Number of updated asset objects reloaded before import = 0
Number of asset objects unloaded after import = 6
========================================================================
Received Import Request.
  Time since last request: 23.654585 seconds.
  path: Assets/Gridness Studios/Elementary Dungeon Pack/Materials/CandlelightMat.mat
  artifactKey: Guid(09da24028f6847b43a4a90d35cf1ba00) Importer(815301076,1909f56bfc062723c751e8b465ee728b)
Start importing Assets/Gridness Studios/Elementary Dungeon Pack/Materials/CandlelightMat.mat using Guid(09da24028f6847b43a4a90d35cf1ba00) Importer(815301076,1909f56bfc062723c751e8b465ee728b) [PhysX] Initialized MultithreadedTaskDispatcher with 12 workers.
[PhysX] Initialized MultithreadedTaskDispatcher with 12 workers.
 -> (artifact id: 'f5158d4dcc29e7e162278375b08d8b0a') in 0.013189 seconds
Number of updated asset objects reloaded before import = 0
Number of asset objects unloaded after import = 2
========================================================================
Received Import Request.
  Time since last request: 0.000014 seconds.
  path: Assets/PolygonNatureBiomes/PNB_Enchanted_Forest/FX/FX_Materials/Birds_Wings_01 1.mat
  artifactKey: Guid(f1d7f83847532484bb61506852fcbe98) Importer(815301076,1909f56bfc062723c751e8b465ee728b)
Start importing Assets/PolygonNatureBiomes/PNB_Enchanted_Forest/FX/FX_Materials/Birds_Wings_01 1.mat using Guid(f1d7f83847532484bb61506852fcbe98) Importer(815301076,1909f56bfc062723c751e8b465ee728b) [PhysX] Initialized MultithreadedTaskDispatcher with 12 workers.
[PhysX] Initialized MultithreadedTaskDispatcher with 12 workers.
 -> (artifact id: '1a02a8df1839b7f6701fed084f286694') in 3.351015 seconds
Number of updated asset objects reloaded before import = 0
Number of asset objects unloaded after import = 2
