Using pre-set license
Built from '2022.3/staging' branch; Version is '2022.3.33f1 (b2c853adf198) revision 11716691'; Using compiler version '192829333'; Build Type 'Release'
OS: 'Windows 11  (10.0.22631) 64bit Professional' Language: 'en' Physical Memory: 32578 MB
BatchMode: 1, IsHumanControllingUs: 0, StartBugReporterOnCrash: 0, Is64bit: 1, IsPro: 1

COMMAND LINE ARGUMENTS:
C:\Program Files\Unity\Hub\Editor\2022.3.33f1\Editor\Unity.exe
-adb2
-batchMode
-noUpm
-name
AssetImportWorker4
-projectPath
D:/Slave_Knight/Slave_knight/Dungeon_part1
-logFile
Logs/AssetImportWorker4.log
-srvPort
57880
Successfully changed project path to: D:/Slave_Knight/Slave_knight/Dungeon_part1
D:/Slave_Knight/Slave_knight/Dungeon_part1
[UnityMemory] Configuration Parameters - Can be set up in boot.config
    "memorysetup-bucket-allocator-granularity=16"
    "memorysetup-bucket-allocator-bucket-count=8"
    "memorysetup-bucket-allocator-block-size=33554432"
    "memorysetup-bucket-allocator-block-count=8"
    "memorysetup-main-allocator-block-size=16777216"
    "memorysetup-thread-allocator-block-size=16777216"
    "memorysetup-gfx-main-allocator-block-size=16777216"
    "memorysetup-gfx-thread-allocator-block-size=16777216"
    "memorysetup-cache-allocator-block-size=4194304"
    "memorysetup-typetree-allocator-block-size=2097152"
    "memorysetup-profiler-bucket-allocator-granularity=16"
    "memorysetup-profiler-bucket-allocator-bucket-count=8"
    "memorysetup-profiler-bucket-allocator-block-size=33554432"
    "memorysetup-profiler-bucket-allocator-block-count=8"
    "memorysetup-profiler-allocator-block-size=16777216"
    "memorysetup-profiler-editor-allocator-block-size=1048576"
    "memorysetup-temp-allocator-size-main=16777216"
    "memorysetup-job-temp-allocator-block-size=2097152"
    "memorysetup-job-temp-allocator-block-size-background=1048576"
    "memorysetup-job-temp-allocator-reduction-small-platforms=262144"
    "memorysetup-allocator-temp-initial-block-size-main=262144"
    "memorysetup-allocator-temp-initial-block-size-worker=262144"
    "memorysetup-temp-allocator-size-background-worker=32768"
    "memorysetup-temp-allocator-size-job-worker=262144"
    "memorysetup-temp-allocator-size-preload-manager=33554432"
    "memorysetup-temp-allocator-size-nav-mesh-worker=65536"
    "memorysetup-temp-allocator-size-audio-worker=65536"
    "memorysetup-temp-allocator-size-cloud-worker=32768"
    "memorysetup-temp-allocator-size-gi-baking-worker=262144"
    "memorysetup-temp-allocator-size-gfx=262144"
Player connection [11564] Host "[IP] 192.168.1.103 [Port] 0 [Flags] 2 [Guid] 1733936855 [EditorId] 1733936855 [Version] 1048832 [Id] WindowsEditor(7,DESKTOP-IT94I1T) [Debug] 1 [PackageName] WindowsEditor [ProjectName] Editor" joined multi-casting on [225.0.0.222:54997]...

Player connection [11564] Host "[IP] 192.168.1.103 [Port] 0 [Flags] 2 [Guid] 1733936855 [EditorId] 1733936855 [Version] 1048832 [Id] WindowsEditor(7,DESKTOP-IT94I1T) [Debug] 1 [PackageName] WindowsEditor [ProjectName] Editor" joined alternative multi-casting on [225.0.0.222:34997]...

[PhysX] Initialized MultithreadedTaskDispatcher with 12 workers.
Refreshing native plugins compatible for Editor in 10.38 ms, found 3 plugins.
Preloading 0 native plugins for Editor in 0.00 ms.
Initialize engine version: 2022.3.33f1 (b2c853adf198)
[Subsystems] Discovering subsystems at path C:/Program Files/Unity/Hub/Editor/2022.3.33f1/Editor/Data/Resources/UnitySubsystems
[Subsystems] Discovering subsystems at path D:/Slave_Knight/Slave_knight/Dungeon_part1/Assets
GfxDevice: creating device client; threaded=0; jobified=0
Direct3D:
    Version:  Direct3D 11.0 [level 11.1]
    Renderer: NVIDIA GeForce GTX 1080 (ID=0x1b80)
    Vendor:   NVIDIA
    VRAM:     8079 MB
    Driver:   31.0.15.2225
Initialize mono
Mono path[0] = 'C:/Program Files/Unity/Hub/Editor/2022.3.33f1/Editor/Data/Managed'
Mono path[1] = 'C:/Program Files/Unity/Hub/Editor/2022.3.33f1/Editor/Data/MonoBleedingEdge/lib/mono/unityjit-win32'
Mono config path = 'C:/Program Files/Unity/Hub/Editor/2022.3.33f1/Editor/Data/MonoBleedingEdge/etc'
Using monoOptions --debugger-agent=transport=dt_socket,embedding=1,server=y,suspend=n,address=127.0.0.1:56952
Begin MonoManager ReloadAssembly
Registering precompiled unity dll's ...
Register platform support module: C:/Program Files/Unity/Hub/Editor/2022.3.33f1/Editor/Data/PlaybackEngines/WebGLSupport/UnityEditor.WebGL.Extensions.dll
Register platform support module: C:/Program Files/Unity/Hub/Editor/2022.3.33f1/Editor/Data/PlaybackEngines/WindowsStandaloneSupport/UnityEditor.WindowsStandalone.Extensions.dll
Registered in 0.014759 seconds.
- Loaded All Assemblies, in  0.506 seconds
Native extension for WindowsStandalone target not found
Native extension for WebGL target not found
Mono: successfully reloaded assembly
- Finished resetting the current domain, in  0.274 seconds
Domain Reload Profiling: 777ms
	BeginReloadAssembly (180ms)
		ExecutionOrderSort (0ms)
		DisableScriptedObjects (0ms)
		BackupInstance (0ms)
		ReleaseScriptingObjects (0ms)
		CreateAndSetChildDomain (1ms)
	RebuildCommonClasses (53ms)
	RebuildNativeTypeToScriptingClass (13ms)
	initialDomainReloadingComplete (85ms)
	LoadAllAssembliesAndSetupDomain (171ms)
		LoadAssemblies (176ms)
		RebuildTransferFunctionScriptingTraits (0ms)
		AnalyzeDomain (168ms)
			TypeCache.Refresh (166ms)
				TypeCache.ScanAssembly (152ms)
			ScanForSourceGeneratedMonoScriptInfo (0ms)
			ResolveRequiredComponents (0ms)
	FinalizeReload (275ms)
		ReleaseScriptCaches (0ms)
		RebuildScriptCaches (0ms)
		SetupLoadedEditorAssemblies (215ms)
			LogAssemblyErrors (0ms)
			InitializePlatformSupportModulesInManaged (11ms)
			SetLoadedEditorAssemblies (6ms)
			RefreshPlugins (0ms)
			BeforeProcessingInitializeOnLoad (2ms)
			ProcessInitializeOnLoadAttributes (147ms)
			ProcessInitializeOnLoadMethodAttributes (49ms)
			AfterProcessingInitializeOnLoad (0ms)
			EditorAssembliesLoaded (0ms)
		ExecutionOrderSort2 (0ms)
		AwakeInstancesAfterBackupRestoration (0ms)
========================================================================
Worker process is ready to serve import requests
Begin MonoManager ReloadAssembly
- Loaded All Assemblies, in  0.631 seconds
Refreshing native plugins compatible for Editor in 3.18 ms, found 3 plugins.
Native extension for WindowsStandalone target not found
Native extension for WebGL target not found
Package Manager log level set to [2]
[Package Manager] Server::EnsureServerProcessIsRunning -- launch failed, reason: Unity was launched with the -noUpm command-line argument
[Package Manager] UpmClient::Send -- Unable to send message (not connected to UPM process).
[Package Manager] Cannot connect to Unity Package Manager local server
Mono: successfully reloaded assembly
- Finished resetting the current domain, in  0.613 seconds
Domain Reload Profiling: 1240ms
	BeginReloadAssembly (160ms)
		ExecutionOrderSort (0ms)
		DisableScriptedObjects (6ms)
		BackupInstance (0ms)
		ReleaseScriptingObjects (0ms)
		CreateAndSetChildDomain (22ms)
	RebuildCommonClasses (33ms)
	RebuildNativeTypeToScriptingClass (10ms)
	initialDomainReloadingComplete (45ms)
	LoadAllAssembliesAndSetupDomain (378ms)
		LoadAssemblies (300ms)
		RebuildTransferFunctionScriptingTraits (0ms)
		AnalyzeDomain (175ms)
			TypeCache.Refresh (154ms)
				TypeCache.ScanAssembly (140ms)
			ScanForSourceGeneratedMonoScriptInfo (14ms)
			ResolveRequiredComponents (5ms)
	FinalizeReload (613ms)
		ReleaseScriptCaches (0ms)
		RebuildScriptCaches (0ms)
		SetupLoadedEditorAssemblies (454ms)
			LogAssemblyErrors (0ms)
			InitializePlatformSupportModulesInManaged (9ms)
			SetLoadedEditorAssemblies (4ms)
			RefreshPlugins (0ms)
			BeforeProcessingInitializeOnLoad (61ms)
			ProcessInitializeOnLoadAttributes (344ms)
			ProcessInitializeOnLoadMethodAttributes (23ms)
			AfterProcessingInitializeOnLoad (13ms)
			EditorAssembliesLoaded (0ms)
		ExecutionOrderSort2 (0ms)
		AwakeInstancesAfterBackupRestoration (10ms)
Launched and connected shader compiler UnityShaderCompiler.exe after 0.07 seconds
Refreshing native plugins compatible for Editor in 2.93 ms, found 3 plugins.
Preloading 0 native plugins for Editor in 0.00 ms.
Unloading 3118 Unused Serialized files (Serialized files now loaded: 0)
Unloading 32 unused Assets / (30.3 KB). Loaded Objects now: 3608.
Memory consumption went from 223.7 MB to 223.7 MB.
Total: 3.132400 ms (FindLiveObjects: 0.267500 ms CreateObjectMapping: 0.220300 ms MarkObjects: 2.588800 ms  DeleteObjects: 0.054800 ms)

AssetImportParameters requested are different than current active one (requested -> active):
  custom:container-demuxer-ogg: 62fdf1f143b41e24485cea50d1cbac27 -> 
  custom:video-codec-MediaFoundation-h265: 746d11721c4dcdbdad8f713fa42b33f4 -> 
  custom:video-decoder-ogg-theora: a1e56fd34408186e4bbccfd4996cb3dc -> 
  custom:framework-win-MediaFoundation: 216162199b28c13a410421893ffa2e32 -> 
  custom:CustomObjectIndexerAttribute: 9a22284fe3817be447336de3de66b15e -> 
  custom:container-demuxer-webm: 4f35f7cbe854078d1ac9338744f61a02 -> 
  custom:container-muxer-webm: aa71ff27fc2769a1b78a27578f13a17b -> 
  custom:video-decoder-webm-vp8: 9c59270c3fd7afecdb556c50c9e8de78 -> 
  custom:SearchIndexIgnoredProperties: e643bd26f0fe6173181afceb89e7c659 -> 
  custom:AudioImporter_EditorPlatform: d09bf68614088b80899f8185d706f6e7 -> 
  custom:video-encoder-webm-vp8: eb34c28f22e8b96e1ab97ce403110664 -> 
  custom:audio-decoder-ogg-vorbis: bf7c407c2cedff20999df2af8eb42d56 -> 
  custom:audio-encoder-webm-vorbis: bf7c407c2cedff20999df2af8eb42d56 -> 
========================================================================
Received Import Request.
  Time since last request: 118259.621531 seconds.
  path: Assets/Scenes/castle_entry.unity
  artifactKey: Guid(f6554794d6d1efa4381c4a732e0158a7) Importer(815301076,1909f56bfc062723c751e8b465ee728b)
Start importing Assets/Scenes/castle_entry.unity using Guid(f6554794d6d1efa4381c4a732e0158a7) Importer(815301076,1909f56bfc062723c751e8b465ee728b) [PhysX] Initialized MultithreadedTaskDispatcher with 12 workers.
 -> (artifact id: '143ad85f29d1b74295c827457deda920') in 0.003092 seconds
Number of updated asset objects reloaded before import = 0
Number of asset objects unloaded after import = 0
========================================================================
Received Import Request.
  Time since last request: 0.600168 seconds.
  path: Assets/Scenes/dungeon_bridge.unity
  artifactKey: Guid(61e61fdbb62e8ac44bb27a14d4592c08) Importer(815301076,1909f56bfc062723c751e8b465ee728b)
Start importing Assets/Scenes/dungeon_bridge.unity using Guid(61e61fdbb62e8ac44bb27a14d4592c08) Importer(815301076,1909f56bfc062723c751e8b465ee728b) [PhysX] Initialized MultithreadedTaskDispatcher with 12 workers.
 -> (artifact id: '09d3a45ca3cd61a1d324e413e8f6c362') in 0.000383 seconds
Number of updated asset objects reloaded before import = 0
Number of asset objects unloaded after import = 0
========================================================================
Received Import Request.
  Time since last request: 528.940304 seconds.
  path: Assets/PolygonDarkFantasy/FX/FX_Materials/Moon_01.mat
  artifactKey: Guid(11e5a83729831834db73a183108ca452) Importer(815301076,1909f56bfc062723c751e8b465ee728b)
Start importing Assets/PolygonDarkFantasy/FX/FX_Materials/Moon_01.mat using Guid(11e5a83729831834db73a183108ca452) Importer(815301076,1909f56bfc062723c751e8b465ee728b) [PhysX] Initialized MultithreadedTaskDispatcher with 12 workers.
[PhysX] Initialized MultithreadedTaskDispatcher with 12 workers.
 -> (artifact id: '8a2a9dec61efcaa1be89942c0d48a211') in 0.255605 seconds
Number of updated asset objects reloaded before import = 0
Number of asset objects unloaded after import = 2
========================================================================
Received Import Request.
  Time since last request: 0.175628 seconds.
  path: Assets/PolygonDarkFantasy/Materials/Misc/Moss_01.mat
  artifactKey: Guid(4e6eeedc5460c4b4890ac3e2a1b14522) Importer(815301076,1909f56bfc062723c751e8b465ee728b)
Start importing Assets/PolygonDarkFantasy/Materials/Misc/Moss_01.mat using Guid(4e6eeedc5460c4b4890ac3e2a1b14522) Importer(815301076,1909f56bfc062723c751e8b465ee728b) [PhysX] Initialized MultithreadedTaskDispatcher with 12 workers.
[PhysX] Initialized MultithreadedTaskDispatcher with 12 workers.
 -> (artifact id: 'b50ae25c6d78806ecf8a8161494a77bf') in 0.018429 seconds
Number of updated asset objects reloaded before import = 0
Number of asset objects unloaded after import = 3
========================================================================
Received Import Request.
  Time since last request: 9.268062 seconds.
  path: Assets/PolygonDarkFantasy/FX/FX_Materials/Leaf_Mat_01.mat
  artifactKey: Guid(7d38d1472e0068b47b889a888a7fe1a8) Importer(815301076,1909f56bfc062723c751e8b465ee728b)
Start importing Assets/PolygonDarkFantasy/FX/FX_Materials/Leaf_Mat_01.mat using Guid(7d38d1472e0068b47b889a888a7fe1a8) Importer(815301076,1909f56bfc062723c751e8b465ee728b) [PhysX] Initialized MultithreadedTaskDispatcher with 12 workers.
[PhysX] Initialized MultithreadedTaskDispatcher with 12 workers.
 -> (artifact id: '99a714aa7924569d898e4008884d2fca') in 0.011096 seconds
Number of updated asset objects reloaded before import = 0
Number of asset objects unloaded after import = 2
========================================================================
Received Import Request.
  Time since last request: 0.022522 seconds.
  path: Assets/PolygonDarkFantasy/Models/Collision/SM_Bld_Base_Wall_Door_01_Collision.fbx
  artifactKey: Guid(1d8a7a8df361827459456e24ac951cb0) Importer(815301076,1909f56bfc062723c751e8b465ee728b)
Start importing Assets/PolygonDarkFantasy/Models/Collision/SM_Bld_Base_Wall_Door_01_Collision.fbx using Guid(1d8a7a8df361827459456e24ac951cb0) Importer(815301076,1909f56bfc062723c751e8b465ee728b) [PhysX] Initialized MultithreadedTaskDispatcher with 12 workers.
[PhysX] Initialized MultithreadedTaskDispatcher with 12 workers.
[PhysX] Initialized MultithreadedTaskDispatcher with 12 workers.
[PhysX] Initialized MultithreadedTaskDispatcher with 12 workers.
 -> (artifact id: 'c17707596f4deac3ad36a35ad4c65901') in 0.058798 seconds
Number of updated asset objects reloaded before import = 0
Number of asset objects unloaded after import = 8
========================================================================
Received Import Request.
  Time since last request: 0.031197 seconds.
  path: Assets/PolygonDarkFantasy/Models/Collision/SM_Bld_Buttress_Pillar_03_Collision.fbx
  artifactKey: Guid(ce26c182037efb846abdf58146fb3604) Importer(815301076,1909f56bfc062723c751e8b465ee728b)
Start importing Assets/PolygonDarkFantasy/Models/Collision/SM_Bld_Buttress_Pillar_03_Collision.fbx using Guid(ce26c182037efb846abdf58146fb3604) Importer(815301076,1909f56bfc062723c751e8b465ee728b) [PhysX] Initialized MultithreadedTaskDispatcher with 12 workers.
[PhysX] Initialized MultithreadedTaskDispatcher with 12 workers.
[PhysX] Initialized MultithreadedTaskDispatcher with 12 workers.
[PhysX] Initialized MultithreadedTaskDispatcher with 12 workers.
 -> (artifact id: 'ec6d300cf8db82dc99e25b968e63dbab') in 0.024896 seconds
Number of updated asset objects reloaded before import = 0
Number of asset objects unloaded after import = 8
========================================================================
Received Import Request.
  Time since last request: 0.000016 seconds.
  path: Assets/PolygonDarkFantasy/Models/Collision/SM_Bld_Base_Wall_Door_Large_01_Collision.fbx
  artifactKey: Guid(9029d03eb9e7d014e8a02c2ddeb6eed0) Importer(815301076,1909f56bfc062723c751e8b465ee728b)
Start importing Assets/PolygonDarkFantasy/Models/Collision/SM_Bld_Base_Wall_Door_Large_01_Collision.fbx using Guid(9029d03eb9e7d014e8a02c2ddeb6eed0) Importer(815301076,1909f56bfc062723c751e8b465ee728b) [PhysX] Initialized MultithreadedTaskDispatcher with 12 workers.
[PhysX] Initialized MultithreadedTaskDispatcher with 12 workers.
[PhysX] Initialized MultithreadedTaskDispatcher with 12 workers.
[PhysX] Initialized MultithreadedTaskDispatcher with 12 workers.
 -> (artifact id: 'e70137a5c4b8d66bb09350565211edac') in 0.020951 seconds
Number of updated asset objects reloaded before import = 0
Number of asset objects unloaded after import = 8
========================================================================
Received Import Request.
  Time since last request: 0.000019 seconds.
  path: Assets/PolygonDarkFantasy/Models/Collision/SM_Bld_Bridge_Base_01_Damaged_01_Collision.fbx
  artifactKey: Guid(e073a96ef4aae9a4b851d124d0c41ccb) Importer(815301076,1909f56bfc062723c751e8b465ee728b)
Start importing Assets/PolygonDarkFantasy/Models/Collision/SM_Bld_Bridge_Base_01_Damaged_01_Collision.fbx using Guid(e073a96ef4aae9a4b851d124d0c41ccb) Importer(815301076,1909f56bfc062723c751e8b465ee728b) [PhysX] Initialized MultithreadedTaskDispatcher with 12 workers.
[PhysX] Initialized MultithreadedTaskDispatcher with 12 workers.
[PhysX] Initialized MultithreadedTaskDispatcher with 12 workers.
[PhysX] Initialized MultithreadedTaskDispatcher with 12 workers.
 -> (artifact id: '0fb63939c9166f64eba994f910457139') in 0.033480 seconds
Number of updated asset objects reloaded before import = 0
Number of asset objects unloaded after import = 8
========================================================================
Received Import Request.
  Time since last request: 254.158953 seconds.
  path: Assets/PolygonDarkFantasy/FX/FX_Prefabs/FX_SunBeam_01.prefab
  artifactKey: Guid(c0e1ce0ff59aaaa4e9de59a6196f4fc5) Importer(815301076,1909f56bfc062723c751e8b465ee728b)
Start importing Assets/PolygonDarkFantasy/FX/FX_Prefabs/FX_SunBeam_01.prefab using Guid(c0e1ce0ff59aaaa4e9de59a6196f4fc5) Importer(815301076,1909f56bfc062723c751e8b465ee728b) [PhysX] Initialized MultithreadedTaskDispatcher with 12 workers.
[PhysX] Initialized MultithreadedTaskDispatcher with 12 workers.
 -> (artifact id: '6df0d2d82806cc7d894099d1013cc74b') in 0.010264 seconds
Number of updated asset objects reloaded before import = 0
Number of asset objects unloaded after import = 9
========================================================================
Received Import Request.
  Time since last request: 0.036242 seconds.
  path: Assets/PolygonNatureBiomes/PNB_Enchanted_Forest/FX/FX_Models/FX_SunShaft_01.fbx
  artifactKey: Guid(82c58915e279e944789888eacfaa17f8) Importer(815301076,1909f56bfc062723c751e8b465ee728b)
Start importing Assets/PolygonNatureBiomes/PNB_Enchanted_Forest/FX/FX_Models/FX_SunShaft_01.fbx using Guid(82c58915e279e944789888eacfaa17f8) Importer(815301076,1909f56bfc062723c751e8b465ee728b) [PhysX] Initialized MultithreadedTaskDispatcher with 12 workers.
[PhysX] Initialized MultithreadedTaskDispatcher with 12 workers.
[PhysX] Initialized MultithreadedTaskDispatcher with 12 workers.
 -> (artifact id: '95b4a6bf5664811165d635112981c79c') in 0.014832 seconds
Number of updated asset objects reloaded before import = 0
Number of asset objects unloaded after import = 7
========================================================================
Received Import Request.
  Time since last request: 0.000024 seconds.
  path: Assets/PolygonDarkFantasy/FX/FX_Materials/Sunbeam_Mat 1.mat
  artifactKey: Guid(5172ad9ef065280499784e1aaab92b6a) Importer(815301076,1909f56bfc062723c751e8b465ee728b)
Start importing Assets/PolygonDarkFantasy/FX/FX_Materials/Sunbeam_Mat 1.mat using Guid(5172ad9ef065280499784e1aaab92b6a) Importer(815301076,1909f56bfc062723c751e8b465ee728b) [PhysX] Initialized MultithreadedTaskDispatcher with 12 workers.
[PhysX] Initialized MultithreadedTaskDispatcher with 12 workers.
 -> (artifact id: '7a44716c93e110426cd4deb3a26213c3') in 0.009952 seconds
Number of updated asset objects reloaded before import = 0
Number of asset objects unloaded after import = 2
========================================================================
Received Import Request.
  Time since last request: 0.000026 seconds.
  path: Assets/PolygonDarkFantasy/FX/FX_Textures/SunBeam_Tex_Colored_3.png
  artifactKey: Guid(9fd9764cf4fef0542b291527acec5fa1) Importer(815301076,1909f56bfc062723c751e8b465ee728b)
Start importing Assets/PolygonDarkFantasy/FX/FX_Textures/SunBeam_Tex_Colored_3.png using Guid(9fd9764cf4fef0542b291527acec5fa1) Importer(815301076,1909f56bfc062723c751e8b465ee728b) [PhysX] Initialized MultithreadedTaskDispatcher with 12 workers.
[PhysX] Initialized MultithreadedTaskDispatcher with 12 workers.
 -> (artifact id: '70158bc7df658a083541e0141f120589') in 0.030256 seconds
Number of updated asset objects reloaded before import = 0
Number of asset objects unloaded after import = 2
========================================================================
Received Import Request.
  Time since last request: 0.000019 seconds.
  path: Assets/PolygonNatureBiomes/PNB_Enchanted_Forest/FX/FX_Prefabs/FX_Sunray_01.prefab
  artifactKey: Guid(4a7770d2f6d946247a591757c444606a) Importer(815301076,1909f56bfc062723c751e8b465ee728b)
Start importing Assets/PolygonNatureBiomes/PNB_Enchanted_Forest/FX/FX_Prefabs/FX_Sunray_01.prefab using Guid(4a7770d2f6d946247a591757c444606a) Importer(815301076,1909f56bfc062723c751e8b465ee728b) [PhysX] Initialized MultithreadedTaskDispatcher with 12 workers.
[PhysX] Initialized MultithreadedTaskDispatcher with 12 workers.
 -> (artifact id: 'c3b74e1b49ecbb48aa3ca1e41ff648a8') in 0.012341 seconds
Number of updated asset objects reloaded before import = 0
Number of asset objects unloaded after import = 9
========================================================================
Received Import Request.
  Time since last request: 0.000027 seconds.
  path: Assets/PolygonDarkFantasy/FX/FX_Textures/SunBeam_Tex_Colored_2.png
  artifactKey: Guid(abed8209c8fbb7548ae83906ae6ae868) Importer(815301076,1909f56bfc062723c751e8b465ee728b)
Start importing Assets/PolygonDarkFantasy/FX/FX_Textures/SunBeam_Tex_Colored_2.png using Guid(abed8209c8fbb7548ae83906ae6ae868) Importer(815301076,1909f56bfc062723c751e8b465ee728b) [PhysX] Initialized MultithreadedTaskDispatcher with 12 workers.
[PhysX] Initialized MultithreadedTaskDispatcher with 12 workers.
 -> (artifact id: '9953713f3005b27b7f51c33a1f5850c2') in 0.009161 seconds
Number of updated asset objects reloaded before import = 0
Number of asset objects unloaded after import = 2
========================================================================
Received Import Request.
  Time since last request: 0.000023 seconds.
  path: Assets/PolygonDarkFantasy/FX/FX_Materials/Sunbeam_Mat 2.mat
  artifactKey: Guid(30c8805e7ff86134db9eba25d781c4bf) Importer(815301076,1909f56bfc062723c751e8b465ee728b)
Start importing Assets/PolygonDarkFantasy/FX/FX_Materials/Sunbeam_Mat 2.mat using Guid(30c8805e7ff86134db9eba25d781c4bf) Importer(815301076,1909f56bfc062723c751e8b465ee728b) [PhysX] Initialized MultithreadedTaskDispatcher with 12 workers.
[PhysX] Initialized MultithreadedTaskDispatcher with 12 workers.
 -> (artifact id: '24ce78da0dcdf108f9b8f1796ff71dd8') in 0.008410 seconds
Number of updated asset objects reloaded before import = 0
Number of asset objects unloaded after import = 2
========================================================================
Received Import Request.
  Time since last request: 0.000028 seconds.
  path: Assets/PolygonDarkFantasy/FX/FX_Textures/SunBeam_Tex.png
  artifactKey: Guid(9d5f13c05dec1a64888bde1511cdbbcb) Importer(815301076,1909f56bfc062723c751e8b465ee728b)
Start importing Assets/PolygonDarkFantasy/FX/FX_Textures/SunBeam_Tex.png using Guid(9d5f13c05dec1a64888bde1511cdbbcb) Importer(815301076,1909f56bfc062723c751e8b465ee728b) [PhysX] Initialized MultithreadedTaskDispatcher with 12 workers.
[PhysX] Initialized MultithreadedTaskDispatcher with 12 workers.
 -> (artifact id: '4e3446fe954a892bd3e833cc2a1d313d') in 0.008205 seconds
Number of updated asset objects reloaded before import = 0
Number of asset objects unloaded after import = 2
========================================================================
Received Import Request.
  Time since last request: 0.000024 seconds.
  path: Assets/PolygonDarkFantasy/FX/FX_Materials/Sunbeam_Mat.mat
  artifactKey: Guid(b359ae46f211e134ba41030de4f9523a) Importer(815301076,1909f56bfc062723c751e8b465ee728b)
Start importing Assets/PolygonDarkFantasy/FX/FX_Materials/Sunbeam_Mat.mat using Guid(b359ae46f211e134ba41030de4f9523a) Importer(815301076,1909f56bfc062723c751e8b465ee728b) [PhysX] Initialized MultithreadedTaskDispatcher with 12 workers.
[PhysX] Initialized MultithreadedTaskDispatcher with 12 workers.
 -> (artifact id: 'a296878380178a2a32acc55d86fc8bac') in 0.010519 seconds
Number of updated asset objects reloaded before import = 0
Number of asset objects unloaded after import = 2
========================================================================
Received Import Request.
  Time since last request: 0.000028 seconds.
  path: Assets/PolygonDarkFantasy/FX/FX_Models/FX_SunShaft_01.fbx
  artifactKey: Guid(2d70ff5f87bd02546ac18e58ea3e1f94) Importer(815301076,1909f56bfc062723c751e8b465ee728b)
Start importing Assets/PolygonDarkFantasy/FX/FX_Models/FX_SunShaft_01.fbx using Guid(2d70ff5f87bd02546ac18e58ea3e1f94) Importer(815301076,1909f56bfc062723c751e8b465ee728b) [PhysX] Initialized MultithreadedTaskDispatcher with 12 workers.
[PhysX] Initialized MultithreadedTaskDispatcher with 12 workers.
[PhysX] Initialized MultithreadedTaskDispatcher with 12 workers.
 -> (artifact id: 'f8198a9f67a403f119d4b9cbab9c24f9') in 0.012626 seconds
Number of updated asset objects reloaded before import = 0
Number of asset objects unloaded after import = 7
========================================================================
Received Import Request.
  Time since last request: 0.000023 seconds.
  path: Assets/PolygonDarkFantasy/FX/FX_Textures/SunBeam_Tex_Soft_01.png
  artifactKey: Guid(6560bcb42fcda1241a44443de894aec0) Importer(815301076,1909f56bfc062723c751e8b465ee728b)
Start importing Assets/PolygonDarkFantasy/FX/FX_Textures/SunBeam_Tex_Soft_01.png using Guid(6560bcb42fcda1241a44443de894aec0) Importer(815301076,1909f56bfc062723c751e8b465ee728b) [PhysX] Initialized MultithreadedTaskDispatcher with 12 workers.
[PhysX] Initialized MultithreadedTaskDispatcher with 12 workers.
 -> (artifact id: '69edc49e9d7d56902b4f76954f2bdac6') in 0.006675 seconds
Number of updated asset objects reloaded before import = 0
Number of asset objects unloaded after import = 2
========================================================================
Received Import Request.
  Time since last request: 12.115453 seconds.
  path: Assets/PolygonDarkFantasy/Models/Tail_Rig_01.fbx
  artifactKey: Guid(f359a9476de537c46865f2e0d8094a80) Importer(815301076,1909f56bfc062723c751e8b465ee728b)
Start importing Assets/PolygonDarkFantasy/Models/Tail_Rig_01.fbx using Guid(f359a9476de537c46865f2e0d8094a80) Importer(815301076,1909f56bfc062723c751e8b465ee728b) [PhysX] Initialized MultithreadedTaskDispatcher with 12 workers.
[PhysX] Initialized MultithreadedTaskDispatcher with 12 workers.
[PhysX] Initialized MultithreadedTaskDispatcher with 12 workers.
[PhysX] Initialized MultithreadedTaskDispatcher with 12 workers.
[PhysX] Initialized MultithreadedTaskDispatcher with 12 workers.
[PhysX] Initialized MultithreadedTaskDispatcher with 12 workers.
 -> (artifact id: '970a745d7312c169451f8fbfaed162cb') in 0.028600 seconds
Number of updated asset objects reloaded before import = 0
Number of asset objects unloaded after import = 22
========================================================================
Received Import Request.
  Time since last request: 0.000015 seconds.
  path: Assets/PolygonDarkFantasy/Models/Collision/Convex/SM_Prop_Demon_Ward_01_Convex.asset
  artifactKey: Guid(3488f4d9000a14a40bf152049af32c89) Importer(815301076,1909f56bfc062723c751e8b465ee728b)
Start importing Assets/PolygonDarkFantasy/Models/Collision/Convex/SM_Prop_Demon_Ward_01_Convex.asset using Guid(3488f4d9000a14a40bf152049af32c89) Importer(815301076,1909f56bfc062723c751e8b465ee728b) [PhysX] Initialized MultithreadedTaskDispatcher with 12 workers.
[PhysX] Initialized MultithreadedTaskDispatcher with 12 workers.
 -> (artifact id: '67c004271127817c131363267691fd67') in 0.007737 seconds
Number of updated asset objects reloaded before import = 0
Number of asset objects unloaded after import = 3
========================================================================
Received Import Request.
  Time since last request: 0.000021 seconds.
  path: Assets/PolygonDarkFantasy/Models/SM_Prop_Demon_Ward_01.fbx
  artifactKey: Guid(e8996c401fba62f489b88f756e3dbff0) Importer(815301076,1909f56bfc062723c751e8b465ee728b)
Start importing Assets/PolygonDarkFantasy/Models/SM_Prop_Demon_Ward_01.fbx using Guid(e8996c401fba62f489b88f756e3dbff0) Importer(815301076,1909f56bfc062723c751e8b465ee728b) [PhysX] Initialized MultithreadedTaskDispatcher with 12 workers.
[PhysX] Initialized MultithreadedTaskDispatcher with 12 workers.
[PhysX] Initialized MultithreadedTaskDispatcher with 12 workers.
 -> (artifact id: 'e30020192c7cf316cbe3c42b95a36632') in 0.011017 seconds
Number of updated asset objects reloaded before import = 0
Number of asset objects unloaded after import = 7
========================================================================
Received Import Request.
  Time since last request: 0.000015 seconds.
  path: Assets/PolygonDarkFantasy/Models/SM_Prop_Pyre_Stake_01_Demon_01.fbx
  artifactKey: Guid(4de656e2f1c595346bd2e1174bac80ff) Importer(815301076,1909f56bfc062723c751e8b465ee728b)
Start importing Assets/PolygonDarkFantasy/Models/SM_Prop_Pyre_Stake_01_Demon_01.fbx using Guid(4de656e2f1c595346bd2e1174bac80ff) Importer(815301076,1909f56bfc062723c751e8b465ee728b) [PhysX] Initialized MultithreadedTaskDispatcher with 12 workers.
[PhysX] Initialized MultithreadedTaskDispatcher with 12 workers.
[PhysX] Initialized MultithreadedTaskDispatcher with 12 workers.
 -> (artifact id: '2f47fdb333012601fba4b0d7b485de02') in 0.012751 seconds
Number of updated asset objects reloaded before import = 0
Number of asset objects unloaded after import = 7
========================================================================
Received Import Request.
  Time since last request: 0.000016 seconds.
  path: Assets/PolygonDarkFantasy/Models/SM_Prop_Demon_01.fbx
  artifactKey: Guid(ddacccb0dfd54c1478c78f8652b03dfe) Importer(815301076,1909f56bfc062723c751e8b465ee728b)
Start importing Assets/PolygonDarkFantasy/Models/SM_Prop_Demon_01.fbx using Guid(ddacccb0dfd54c1478c78f8652b03dfe) Importer(815301076,1909f56bfc062723c751e8b465ee728b) [PhysX] Initialized MultithreadedTaskDispatcher with 12 workers.
[PhysX] Initialized MultithreadedTaskDispatcher with 12 workers.
[PhysX] Initialized MultithreadedTaskDispatcher with 12 workers.
 -> (artifact id: 'f8f25a57ba4eb75ebde3cccd7c671a1c') in 0.009926 seconds
Number of updated asset objects reloaded before import = 0
Number of asset objects unloaded after import = 7
========================================================================
Received Import Request.
  Time since last request: 0.000018 seconds.
  path: Assets/PolygonDarkFantasy/Models/BigCharacters.fbx
  artifactKey: Guid(0009b689531c453429cdb115d56bc43a) Importer(815301076,1909f56bfc062723c751e8b465ee728b)
Start importing Assets/PolygonDarkFantasy/Models/BigCharacters.fbx using Guid(0009b689531c453429cdb115d56bc43a) Importer(815301076,1909f56bfc062723c751e8b465ee728b) [PhysX] Initialized MultithreadedTaskDispatcher with 12 workers.
[PhysX] Initialized MultithreadedTaskDispatcher with 12 workers.
[PhysX] Initialized MultithreadedTaskDispatcher with 12 workers.
[PhysX] Initialized MultithreadedTaskDispatcher with 12 workers.
[PhysX] Initialized MultithreadedTaskDispatcher with 12 workers.
[PhysX] Initialized MultithreadedTaskDispatcher with 12 workers.
 -> (artifact id: '1464bd9192130b0ec075ae12fb9ad893') in 0.027159 seconds
Number of updated asset objects reloaded before import = 0
Number of asset objects unloaded after import = 116
========================================================================
Received Import Request.
  Time since last request: 2.178255 seconds.
  path: Assets/Gridness Studios/Elementary Dungeon Pack/Demo Scene
  artifactKey: Guid(035f67c25ba0070489a64310c4523d2a) Importer(815301076,1909f56bfc062723c751e8b465ee728b)
Start importing Assets/Gridness Studios/Elementary Dungeon Pack/Demo Scene using Guid(035f67c25ba0070489a64310c4523d2a) Importer(815301076,1909f56bfc062723c751e8b465ee728b) [PhysX] Initialized MultithreadedTaskDispatcher with 12 workers.
 -> (artifact id: '442080868c0f7bd0ced0aad33f994f02') in 0.000578 seconds
Number of updated asset objects reloaded before import = 0
Number of asset objects unloaded after import = 0
========================================================================
Received Import Request.
  Time since last request: 139.395380 seconds.
  path: Assets/Scenes/Demo_Cathedral_01.unity
  artifactKey: Guid(4a5029510f652b74bab188087c3ddf91) Importer(815301076,1909f56bfc062723c751e8b465ee728b)
Start importing Assets/Scenes/Demo_Cathedral_01.unity using Guid(4a5029510f652b74bab188087c3ddf91) Importer(815301076,1909f56bfc062723c751e8b465ee728b) [PhysX] Initialized MultithreadedTaskDispatcher with 12 workers.
 -> (artifact id: 'ed5719512ad237acc3f46d646ad741ad') in 0.000488 seconds
Number of updated asset objects reloaded before import = 0
Number of asset objects unloaded after import = 0
========================================================================
Received Import Request.
  Time since last request: 1158.909241 seconds.
  path: Assets/Scenes/dungeon_bridge.unity
  artifactKey: Guid(61e61fdbb62e8ac44bb27a14d4592c08) Importer(815301076,1909f56bfc062723c751e8b465ee728b)
Start importing Assets/Scenes/dungeon_bridge.unity using Guid(61e61fdbb62e8ac44bb27a14d4592c08) Importer(815301076,1909f56bfc062723c751e8b465ee728b) [PhysX] Initialized MultithreadedTaskDispatcher with 12 workers.
 -> (artifact id: '7b0d4a3b473bb2b580d707a893beed88') in 0.000399 seconds
Number of updated asset objects reloaded before import = 0
Number of asset objects unloaded after import = 0
========================================================================
Received Import Request.
  Time since last request: 13.850173 seconds.
  path: Assets/Scenes/Demo_Cathedral_01.unity
  artifactKey: Guid(4a5029510f652b74bab188087c3ddf91) Importer(815301076,1909f56bfc062723c751e8b465ee728b)
Start importing Assets/Scenes/Demo_Cathedral_01.unity using Guid(4a5029510f652b74bab188087c3ddf91) Importer(815301076,1909f56bfc062723c751e8b465ee728b) [PhysX] Initialized MultithreadedTaskDispatcher with 12 workers.
 -> (artifact id: '8d9e45bfa31f7b9de64d386974c330c2') in 0.000528 seconds
Number of updated asset objects reloaded before import = 0
Number of asset objects unloaded after import = 0
