Using pre-set license
Built from '2022.3/staging' branch; Version is '2022.3.33f1 (b2c853adf198) revision 11716691'; Using compiler version '192829333'; Build Type 'Release'
OS: 'Windows 11  (10.0.22631) 64bit Professional' Language: 'en' Physical Memory: 32578 MB
BatchMode: 1, IsHumanControllingUs: 0, StartBugReporterOnCrash: 0, Is64bit: 1, IsPro: 1

COMMAND LINE ARGUMENTS:
C:\Program Files\Unity\Hub\Editor\2022.3.33f1\Editor\Unity.exe
-adb2
-batchMode
-noUpm
-name
AssetImportWorker2
-projectPath
D:/Slave_Knight/Slave_knight/Dungeon_part1
-logFile
Logs/AssetImportWorker2.log
-srvPort
57880
Successfully changed project path to: D:/Slave_Knight/Slave_knight/Dungeon_part1
D:/Slave_Knight/Slave_knight/Dungeon_part1
[UnityMemory] Configuration Parameters - Can be set up in boot.config
    "memorysetup-bucket-allocator-granularity=16"
    "memorysetup-bucket-allocator-bucket-count=8"
    "memorysetup-bucket-allocator-block-size=33554432"
    "memorysetup-bucket-allocator-block-count=8"
    "memorysetup-main-allocator-block-size=16777216"
    "memorysetup-thread-allocator-block-size=16777216"
    "memorysetup-gfx-main-allocator-block-size=16777216"
    "memorysetup-gfx-thread-allocator-block-size=16777216"
    "memorysetup-cache-allocator-block-size=4194304"
    "memorysetup-typetree-allocator-block-size=2097152"
    "memorysetup-profiler-bucket-allocator-granularity=16"
    "memorysetup-profiler-bucket-allocator-bucket-count=8"
    "memorysetup-profiler-bucket-allocator-block-size=33554432"
    "memorysetup-profiler-bucket-allocator-block-count=8"
    "memorysetup-profiler-allocator-block-size=16777216"
    "memorysetup-profiler-editor-allocator-block-size=1048576"
    "memorysetup-temp-allocator-size-main=16777216"
    "memorysetup-job-temp-allocator-block-size=2097152"
    "memorysetup-job-temp-allocator-block-size-background=1048576"
    "memorysetup-job-temp-allocator-reduction-small-platforms=262144"
    "memorysetup-allocator-temp-initial-block-size-main=262144"
    "memorysetup-allocator-temp-initial-block-size-worker=262144"
    "memorysetup-temp-allocator-size-background-worker=32768"
    "memorysetup-temp-allocator-size-job-worker=262144"
    "memorysetup-temp-allocator-size-preload-manager=33554432"
    "memorysetup-temp-allocator-size-nav-mesh-worker=65536"
    "memorysetup-temp-allocator-size-audio-worker=65536"
    "memorysetup-temp-allocator-size-cloud-worker=32768"
    "memorysetup-temp-allocator-size-gi-baking-worker=262144"
    "memorysetup-temp-allocator-size-gfx=262144"
Player connection [33308] Host "[IP] 192.168.1.103 [Port] 0 [Flags] 2 [Guid] 3857761741 [EditorId] 3857761741 [Version] 1048832 [Id] WindowsEditor(7,DESKTOP-IT94I1T) [Debug] 1 [PackageName] WindowsEditor [ProjectName] Editor" joined multi-casting on [225.0.0.222:54997]...

Player connection [33308] Host "[IP] 192.168.1.103 [Port] 0 [Flags] 2 [Guid] 3857761741 [EditorId] 3857761741 [Version] 1048832 [Id] WindowsEditor(7,DESKTOP-IT94I1T) [Debug] 1 [PackageName] WindowsEditor [ProjectName] Editor" joined alternative multi-casting on [225.0.0.222:34997]...

[PhysX] Initialized MultithreadedTaskDispatcher with 12 workers.
Refreshing native plugins compatible for Editor in 9.98 ms, found 3 plugins.
Preloading 0 native plugins for Editor in 0.00 ms.
Initialize engine version: 2022.3.33f1 (b2c853adf198)
[Subsystems] Discovering subsystems at path C:/Program Files/Unity/Hub/Editor/2022.3.33f1/Editor/Data/Resources/UnitySubsystems
[Subsystems] Discovering subsystems at path D:/Slave_Knight/Slave_knight/Dungeon_part1/Assets
GfxDevice: creating device client; threaded=0; jobified=0
Direct3D:
    Version:  Direct3D 11.0 [level 11.1]
    Renderer: NVIDIA GeForce GTX 1080 (ID=0x1b80)
    Vendor:   NVIDIA
    VRAM:     8079 MB
    Driver:   31.0.15.2225
Initialize mono
Mono path[0] = 'C:/Program Files/Unity/Hub/Editor/2022.3.33f1/Editor/Data/Managed'
Mono path[1] = 'C:/Program Files/Unity/Hub/Editor/2022.3.33f1/Editor/Data/MonoBleedingEdge/lib/mono/unityjit-win32'
Mono config path = 'C:/Program Files/Unity/Hub/Editor/2022.3.33f1/Editor/Data/MonoBleedingEdge/etc'
Using monoOptions --debugger-agent=transport=dt_socket,embedding=1,server=y,suspend=n,address=127.0.0.1:56644
Begin MonoManager ReloadAssembly
Registering precompiled unity dll's ...
Register platform support module: C:/Program Files/Unity/Hub/Editor/2022.3.33f1/Editor/Data/PlaybackEngines/WebGLSupport/UnityEditor.WebGL.Extensions.dll
Register platform support module: C:/Program Files/Unity/Hub/Editor/2022.3.33f1/Editor/Data/PlaybackEngines/WindowsStandaloneSupport/UnityEditor.WindowsStandalone.Extensions.dll
Registered in 0.023993 seconds.
- Loaded All Assemblies, in  0.417 seconds
Native extension for WindowsStandalone target not found
Native extension for WebGL target not found
Mono: successfully reloaded assembly
- Finished resetting the current domain, in  0.287 seconds
Domain Reload Profiling: 701ms
	BeginReloadAssembly (133ms)
		ExecutionOrderSort (0ms)
		DisableScriptedObjects (0ms)
		BackupInstance (0ms)
		ReleaseScriptingObjects (0ms)
		CreateAndSetChildDomain (1ms)
	RebuildCommonClasses (36ms)
	RebuildNativeTypeToScriptingClass (11ms)
	initialDomainReloadingComplete (90ms)
	LoadAllAssembliesAndSetupDomain (143ms)
		LoadAssemblies (130ms)
		RebuildTransferFunctionScriptingTraits (0ms)
		AnalyzeDomain (141ms)
			TypeCache.Refresh (139ms)
				TypeCache.ScanAssembly (126ms)
			ScanForSourceGeneratedMonoScriptInfo (0ms)
			ResolveRequiredComponents (0ms)
	FinalizeReload (288ms)
		ReleaseScriptCaches (0ms)
		RebuildScriptCaches (0ms)
		SetupLoadedEditorAssemblies (229ms)
			LogAssemblyErrors (0ms)
			InitializePlatformSupportModulesInManaged (11ms)
			SetLoadedEditorAssemblies (5ms)
			RefreshPlugins (0ms)
			BeforeProcessingInitializeOnLoad (2ms)
			ProcessInitializeOnLoadAttributes (159ms)
			ProcessInitializeOnLoadMethodAttributes (51ms)
			AfterProcessingInitializeOnLoad (0ms)
			EditorAssembliesLoaded (0ms)
		ExecutionOrderSort2 (0ms)
		AwakeInstancesAfterBackupRestoration (0ms)
========================================================================
Worker process is ready to serve import requests
Begin MonoManager ReloadAssembly
- Loaded All Assemblies, in  0.671 seconds
Refreshing native plugins compatible for Editor in 4.01 ms, found 3 plugins.
Native extension for WindowsStandalone target not found
Native extension for WebGL target not found
Package Manager log level set to [2]
[Package Manager] Server::EnsureServerProcessIsRunning -- launch failed, reason: Unity was launched with the -noUpm command-line argument
[Package Manager] UpmClient::Send -- Unable to send message (not connected to UPM process).
[Package Manager] Cannot connect to Unity Package Manager local server
Mono: successfully reloaded assembly
- Finished resetting the current domain, in  0.666 seconds
Domain Reload Profiling: 1333ms
	BeginReloadAssembly (168ms)
		ExecutionOrderSort (0ms)
		DisableScriptedObjects (6ms)
		BackupInstance (0ms)
		ReleaseScriptingObjects (0ms)
		CreateAndSetChildDomain (21ms)
	RebuildCommonClasses (33ms)
	RebuildNativeTypeToScriptingClass (11ms)
	initialDomainReloadingComplete (47ms)
	LoadAllAssembliesAndSetupDomain (408ms)
		LoadAssemblies (309ms)
		RebuildTransferFunctionScriptingTraits (0ms)
		AnalyzeDomain (204ms)
			TypeCache.Refresh (183ms)
				TypeCache.ScanAssembly (167ms)
			ScanForSourceGeneratedMonoScriptInfo (15ms)
			ResolveRequiredComponents (5ms)
	FinalizeReload (666ms)
		ReleaseScriptCaches (0ms)
		RebuildScriptCaches (0ms)
		SetupLoadedEditorAssemblies (483ms)
			LogAssemblyErrors (0ms)
			InitializePlatformSupportModulesInManaged (17ms)
			SetLoadedEditorAssemblies (5ms)
			RefreshPlugins (0ms)
			BeforeProcessingInitializeOnLoad (75ms)
			ProcessInitializeOnLoadAttributes (352ms)
			ProcessInitializeOnLoadMethodAttributes (21ms)
			AfterProcessingInitializeOnLoad (13ms)
			EditorAssembliesLoaded (0ms)
		ExecutionOrderSort2 (0ms)
		AwakeInstancesAfterBackupRestoration (10ms)
Launched and connected shader compiler UnityShaderCompiler.exe after 0.07 seconds
Refreshing native plugins compatible for Editor in 3.00 ms, found 3 plugins.
Preloading 0 native plugins for Editor in 0.00 ms.
Unloading 3118 Unused Serialized files (Serialized files now loaded: 0)
Unloading 32 unused Assets / (30.3 KB). Loaded Objects now: 3608.
Memory consumption went from 223.4 MB to 223.4 MB.
Total: 2.814600 ms (FindLiveObjects: 0.232300 ms CreateObjectMapping: 0.161100 ms MarkObjects: 2.375800 ms  DeleteObjects: 0.044800 ms)

AssetImportParameters requested are different than current active one (requested -> active):
  custom:container-demuxer-ogg: 62fdf1f143b41e24485cea50d1cbac27 -> 
  custom:video-codec-MediaFoundation-h265: 746d11721c4dcdbdad8f713fa42b33f4 -> 
  custom:video-decoder-ogg-theora: a1e56fd34408186e4bbccfd4996cb3dc -> 
  custom:framework-win-MediaFoundation: 216162199b28c13a410421893ffa2e32 -> 
  custom:CustomObjectIndexerAttribute: 9a22284fe3817be447336de3de66b15e -> 
  custom:container-demuxer-webm: 4f35f7cbe854078d1ac9338744f61a02 -> 
  custom:container-muxer-webm: aa71ff27fc2769a1b78a27578f13a17b -> 
  custom:video-decoder-webm-vp8: 9c59270c3fd7afecdb556c50c9e8de78 -> 
  custom:SearchIndexIgnoredProperties: e643bd26f0fe6173181afceb89e7c659 -> 
  custom:AudioImporter_EditorPlatform: d09bf68614088b80899f8185d706f6e7 -> 
  custom:video-encoder-webm-vp8: eb34c28f22e8b96e1ab97ce403110664 -> 
  custom:audio-decoder-ogg-vorbis: bf7c407c2cedff20999df2af8eb42d56 -> 
  custom:audio-encoder-webm-vorbis: bf7c407c2cedff20999df2af8eb42d56 -> 
========================================================================
Received Import Request.
  Time since last request: 118002.224673 seconds.
  path: Assets/PolygonDarkFantasy/Models/SM_Chr_Attach_Arrow_Head_01.fbx
  artifactKey: Guid(8860780a09a347c438c64e36302ee9d3) Importer(815301076,1909f56bfc062723c751e8b465ee728b)
Start importing Assets/PolygonDarkFantasy/Models/SM_Chr_Attach_Arrow_Head_01.fbx using Guid(8860780a09a347c438c64e36302ee9d3) Importer(815301076,1909f56bfc062723c751e8b465ee728b) [PhysX] Initialized MultithreadedTaskDispatcher with 12 workers.
[PhysX] Initialized MultithreadedTaskDispatcher with 12 workers.
[PhysX] Initialized MultithreadedTaskDispatcher with 12 workers.
 -> (artifact id: 'c257303acfe19460107ab684478e9924') in 0.203099 seconds
Number of updated asset objects reloaded before import = 0
Number of asset objects unloaded after import = 7
========================================================================
Received Import Request.
  Time since last request: 0.000033 seconds.
  path: Assets/PolygonDungeon/Models/CollisionConvex/SM_Trap_AcidHead_01_Convex.asset
  artifactKey: Guid(da54cc63f2c7b3e40be6c8ae248261f3) Importer(815301076,1909f56bfc062723c751e8b465ee728b)
Start importing Assets/PolygonDungeon/Models/CollisionConvex/SM_Trap_AcidHead_01_Convex.asset using Guid(da54cc63f2c7b3e40be6c8ae248261f3) Importer(815301076,1909f56bfc062723c751e8b465ee728b) [PhysX] Initialized MultithreadedTaskDispatcher with 12 workers.
[PhysX] Initialized MultithreadedTaskDispatcher with 12 workers.
 -> (artifact id: '83a7b55dc5db80c32cb37bf49a4c5605') in 0.015842 seconds
Number of updated asset objects reloaded before import = 0
Number of asset objects unloaded after import = 2
========================================================================
Received Import Request.
  Time since last request: 206.805206 seconds.
  path: Assets/PolygonDarkFantasy/Models/SM_Bld_Roof_Ruin_End_01.fbx
  artifactKey: Guid(07d18adcd4ac32a419f3a2969a6a9485) Importer(815301076,1909f56bfc062723c751e8b465ee728b)
Start importing Assets/PolygonDarkFantasy/Models/SM_Bld_Roof_Ruin_End_01.fbx using Guid(07d18adcd4ac32a419f3a2969a6a9485) Importer(815301076,1909f56bfc062723c751e8b465ee728b) [PhysX] Initialized MultithreadedTaskDispatcher with 12 workers.
[PhysX] Initialized MultithreadedTaskDispatcher with 12 workers.
[PhysX] Initialized MultithreadedTaskDispatcher with 12 workers.
 -> (artifact id: 'e8711b3b8795e2cb4301d8df7fbc75ea') in 0.011681 seconds
Number of updated asset objects reloaded before import = 0
Number of asset objects unloaded after import = 7
========================================================================
Received Import Request.
  Time since last request: 0.040474 seconds.
  path: Assets/PolygonDarkFantasy/Models/SM_Bld_Roof_Ruin_End_02.fbx
  artifactKey: Guid(2f25c902575b55247bee4a88ea67734c) Importer(815301076,1909f56bfc062723c751e8b465ee728b)
Start importing Assets/PolygonDarkFantasy/Models/SM_Bld_Roof_Ruin_End_02.fbx using Guid(2f25c902575b55247bee4a88ea67734c) Importer(815301076,1909f56bfc062723c751e8b465ee728b) [PhysX] Initialized MultithreadedTaskDispatcher with 12 workers.
[PhysX] Initialized MultithreadedTaskDispatcher with 12 workers.
[PhysX] Initialized MultithreadedTaskDispatcher with 12 workers.
 -> (artifact id: 'ea4fc47d5a7a715964c4d475e099c9e9') in 0.016154 seconds
Number of updated asset objects reloaded before import = 0
Number of asset objects unloaded after import = 7
========================================================================
Received Import Request.
  Time since last request: 0.000016 seconds.
  path: Assets/PolygonDarkFantasy/Models/SM_Bld_Ruin_01.fbx
  artifactKey: Guid(0c19ef07d50550946a68d3e1e9b3d834) Importer(815301076,1909f56bfc062723c751e8b465ee728b)
Start importing Assets/PolygonDarkFantasy/Models/SM_Bld_Ruin_01.fbx using Guid(0c19ef07d50550946a68d3e1e9b3d834) Importer(815301076,1909f56bfc062723c751e8b465ee728b) [PhysX] Initialized MultithreadedTaskDispatcher with 12 workers.
[PhysX] Initialized MultithreadedTaskDispatcher with 12 workers.
[PhysX] Initialized MultithreadedTaskDispatcher with 12 workers.
 -> (artifact id: '80e3a4659c6a65dc62c72c5cc1d6dd9e') in 0.013473 seconds
Number of updated asset objects reloaded before import = 0
Number of asset objects unloaded after import = 7
========================================================================
Received Import Request.
  Time since last request: 0.000020 seconds.
  path: Assets/PolygonDarkFantasy/Models/Collision/SM_Bld_Roof_Ruin_Straight_01_Collision.fbx
  artifactKey: Guid(b990500f802d5e043b42030994b9407a) Importer(815301076,1909f56bfc062723c751e8b465ee728b)
Start importing Assets/PolygonDarkFantasy/Models/Collision/SM_Bld_Roof_Ruin_Straight_01_Collision.fbx using Guid(b990500f802d5e043b42030994b9407a) Importer(815301076,1909f56bfc062723c751e8b465ee728b) [PhysX] Initialized MultithreadedTaskDispatcher with 12 workers.
[PhysX] Initialized MultithreadedTaskDispatcher with 12 workers.
[PhysX] Initialized MultithreadedTaskDispatcher with 12 workers.
[PhysX] Initialized MultithreadedTaskDispatcher with 12 workers.
 -> (artifact id: '8380e5b9fc7a9b8229e1d6b959f414b9') in 0.051284 seconds
Number of updated asset objects reloaded before import = 0
Number of asset objects unloaded after import = 8
========================================================================
Received Import Request.
  Time since last request: 0.000024 seconds.
  path: Assets/PolygonDarkFantasy/Models/SM_Bld_Ruin_05.fbx
  artifactKey: Guid(c2d8ae1d5f2064744b18ccd2aaca3c37) Importer(815301076,1909f56bfc062723c751e8b465ee728b)
Start importing Assets/PolygonDarkFantasy/Models/SM_Bld_Ruin_05.fbx using Guid(c2d8ae1d5f2064744b18ccd2aaca3c37) Importer(815301076,1909f56bfc062723c751e8b465ee728b) [PhysX] Initialized MultithreadedTaskDispatcher with 12 workers.
[PhysX] Initialized MultithreadedTaskDispatcher with 12 workers.
[PhysX] Initialized MultithreadedTaskDispatcher with 12 workers.
 -> (artifact id: '86a1ab37ce636e226395829b6ee5c8b8') in 0.012028 seconds
Number of updated asset objects reloaded before import = 0
Number of asset objects unloaded after import = 7
========================================================================
Received Import Request.
  Time since last request: 0.000028 seconds.
  path: Assets/PolygonDarkFantasy/Models/Collision/SM_Bld_Roof_Ruin_Straight_02_Collision.fbx
  artifactKey: Guid(07008947c7fefa248a0400effdfcdd11) Importer(815301076,1909f56bfc062723c751e8b465ee728b)
Start importing Assets/PolygonDarkFantasy/Models/Collision/SM_Bld_Roof_Ruin_Straight_02_Collision.fbx using Guid(07008947c7fefa248a0400effdfcdd11) Importer(815301076,1909f56bfc062723c751e8b465ee728b) [PhysX] Initialized MultithreadedTaskDispatcher with 12 workers.
[PhysX] Initialized MultithreadedTaskDispatcher with 12 workers.
[PhysX] Initialized MultithreadedTaskDispatcher with 12 workers.
[PhysX] Initialized MultithreadedTaskDispatcher with 12 workers.
 -> (artifact id: 'f222ebe930343e39fbeb09a715c08f1e') in 0.018485 seconds
Number of updated asset objects reloaded before import = 0
Number of asset objects unloaded after import = 8
========================================================================
Received Import Request.
  Time since last request: 0.000023 seconds.
  path: Assets/PolygonDarkFantasy/Models/SM_Bld_Ruin_02.fbx
  artifactKey: Guid(4df04c818dced7146b454c511d284c5b) Importer(815301076,1909f56bfc062723c751e8b465ee728b)
Start importing Assets/PolygonDarkFantasy/Models/SM_Bld_Ruin_02.fbx using Guid(4df04c818dced7146b454c511d284c5b) Importer(815301076,1909f56bfc062723c751e8b465ee728b) [PhysX] Initialized MultithreadedTaskDispatcher with 12 workers.
[PhysX] Initialized MultithreadedTaskDispatcher with 12 workers.
[PhysX] Initialized MultithreadedTaskDispatcher with 12 workers.
 -> (artifact id: 'a49de503f571d55fcb69e11398ab9721') in 0.014203 seconds
Number of updated asset objects reloaded before import = 0
Number of asset objects unloaded after import = 7
========================================================================
Received Import Request.
  Time since last request: 0.000024 seconds.
  path: Assets/PolygonDarkFantasy/Models/Collision/SM_Bld_Roof_Ruin_Straight_03_Collision.fbx
  artifactKey: Guid(c9a01151832b855449751ca470cc2d37) Importer(815301076,1909f56bfc062723c751e8b465ee728b)
Start importing Assets/PolygonDarkFantasy/Models/Collision/SM_Bld_Roof_Ruin_Straight_03_Collision.fbx using Guid(c9a01151832b855449751ca470cc2d37) Importer(815301076,1909f56bfc062723c751e8b465ee728b) [PhysX] Initialized MultithreadedTaskDispatcher with 12 workers.
[PhysX] Initialized MultithreadedTaskDispatcher with 12 workers.
[PhysX] Initialized MultithreadedTaskDispatcher with 12 workers.
[PhysX] Initialized MultithreadedTaskDispatcher with 12 workers.
 -> (artifact id: '1c9ee45a40394cacfcb9dfeda7d92314') in 0.026331 seconds
Number of updated asset objects reloaded before import = 0
Number of asset objects unloaded after import = 8
========================================================================
Received Import Request.
  Time since last request: 0.000031 seconds.
  path: Assets/PolygonDarkFantasy/Models/SM_Bld_Ruin_01_ALT.fbx
  artifactKey: Guid(a7a8413924b3660419869b39c9e687d3) Importer(815301076,1909f56bfc062723c751e8b465ee728b)
Start importing Assets/PolygonDarkFantasy/Models/SM_Bld_Ruin_01_ALT.fbx using Guid(a7a8413924b3660419869b39c9e687d3) Importer(815301076,1909f56bfc062723c751e8b465ee728b) [PhysX] Initialized MultithreadedTaskDispatcher with 12 workers.
[PhysX] Initialized MultithreadedTaskDispatcher with 12 workers.
[PhysX] Initialized MultithreadedTaskDispatcher with 12 workers.
 -> (artifact id: '3f34af3b2203d002760ca8e99a51455b') in 0.019505 seconds
Number of updated asset objects reloaded before import = 0
Number of asset objects unloaded after import = 7
========================================================================
Received Import Request.
  Time since last request: 0.000029 seconds.
  path: Assets/PolygonDarkFantasy/Models/Collision/Convex/SM_Bld_Ruin_04_Convex.asset
  artifactKey: Guid(e532d8500d92aea4c8af271ce064ea83) Importer(815301076,1909f56bfc062723c751e8b465ee728b)
Start importing Assets/PolygonDarkFantasy/Models/Collision/Convex/SM_Bld_Ruin_04_Convex.asset using Guid(e532d8500d92aea4c8af271ce064ea83) Importer(815301076,1909f56bfc062723c751e8b465ee728b) [PhysX] Initialized MultithreadedTaskDispatcher with 12 workers.
[PhysX] Initialized MultithreadedTaskDispatcher with 12 workers.
 -> (artifact id: '32da79918ba003f505f6be404a5b615a') in 0.010284 seconds
Number of updated asset objects reloaded before import = 0
Number of asset objects unloaded after import = 3
========================================================================
Received Import Request.
  Time since last request: 0.000020 seconds.
  path: Assets/PolygonDarkFantasy/Models/SM_Bld_Roof_Ruin_Straight_01.fbx
  artifactKey: Guid(a9022bd64c4e13641b4d59e56a005610) Importer(815301076,1909f56bfc062723c751e8b465ee728b)
Start importing Assets/PolygonDarkFantasy/Models/SM_Bld_Roof_Ruin_Straight_01.fbx using Guid(a9022bd64c4e13641b4d59e56a005610) Importer(815301076,1909f56bfc062723c751e8b465ee728b) [PhysX] Initialized MultithreadedTaskDispatcher with 12 workers.
[PhysX] Initialized MultithreadedTaskDispatcher with 12 workers.
[PhysX] Initialized MultithreadedTaskDispatcher with 12 workers.
 -> (artifact id: '3a28e7b77593dacaa2b5b7c1af52a9ba') in 0.013301 seconds
Number of updated asset objects reloaded before import = 0
Number of asset objects unloaded after import = 7
========================================================================
Received Import Request.
  Time since last request: 0.000017 seconds.
  path: Assets/PolygonDarkFantasy/Models/Collision/SM_Bld_Roof_Ruin_End_02_Collision.fbx
  artifactKey: Guid(f4c057fc3be6dc7458e38a0b2a297333) Importer(815301076,1909f56bfc062723c751e8b465ee728b)
Start importing Assets/PolygonDarkFantasy/Models/Collision/SM_Bld_Roof_Ruin_End_02_Collision.fbx using Guid(f4c057fc3be6dc7458e38a0b2a297333) Importer(815301076,1909f56bfc062723c751e8b465ee728b) [PhysX] Initialized MultithreadedTaskDispatcher with 12 workers.
[PhysX] Initialized MultithreadedTaskDispatcher with 12 workers.
[PhysX] Initialized MultithreadedTaskDispatcher with 12 workers.
[PhysX] Initialized MultithreadedTaskDispatcher with 12 workers.
 -> (artifact id: '46c74a173eb1556da3e7504d7d0a0611') in 0.019144 seconds
Number of updated asset objects reloaded before import = 0
Number of asset objects unloaded after import = 8
========================================================================
Received Import Request.
  Time since last request: 0.000019 seconds.
  path: Assets/PolygonDarkFantasy/Models/SM_Bld_Roof_Ruin_Straight_05.fbx
  artifactKey: Guid(332420d0d2d83ad47a1d7cee8ac6f8f7) Importer(815301076,1909f56bfc062723c751e8b465ee728b)
Start importing Assets/PolygonDarkFantasy/Models/SM_Bld_Roof_Ruin_Straight_05.fbx using Guid(332420d0d2d83ad47a1d7cee8ac6f8f7) Importer(815301076,1909f56bfc062723c751e8b465ee728b) [PhysX] Initialized MultithreadedTaskDispatcher with 12 workers.
[PhysX] Initialized MultithreadedTaskDispatcher with 12 workers.
[PhysX] Initialized MultithreadedTaskDispatcher with 12 workers.
 -> (artifact id: 'fa1869e6c316141c08655d02dcfa7432') in 0.015481 seconds
Number of updated asset objects reloaded before import = 0
Number of asset objects unloaded after import = 7
========================================================================
Received Import Request.
  Time since last request: 0.000017 seconds.
  path: Assets/PolygonDarkFantasy/Models/SM_Bld_Ruin_04.fbx
  artifactKey: Guid(12e9143df0496a5408eddab9311352a6) Importer(815301076,1909f56bfc062723c751e8b465ee728b)
Start importing Assets/PolygonDarkFantasy/Models/SM_Bld_Ruin_04.fbx using Guid(12e9143df0496a5408eddab9311352a6) Importer(815301076,1909f56bfc062723c751e8b465ee728b) [PhysX] Initialized MultithreadedTaskDispatcher with 12 workers.
[PhysX] Initialized MultithreadedTaskDispatcher with 12 workers.
[PhysX] Initialized MultithreadedTaskDispatcher with 12 workers.
 -> (artifact id: '743f62246a4615cb817e57ec6ced50dc') in 0.020880 seconds
Number of updated asset objects reloaded before import = 0
Number of asset objects unloaded after import = 7
========================================================================
Received Import Request.
  Time since last request: 0.000030 seconds.
  path: Assets/PolygonDarkFantasy/Models/Collision/Convex/SM_Bld_Ruin_03_Convex.asset
  artifactKey: Guid(6769c3d645e16374a8ba6a960fed860a) Importer(815301076,1909f56bfc062723c751e8b465ee728b)
Start importing Assets/PolygonDarkFantasy/Models/Collision/Convex/SM_Bld_Ruin_03_Convex.asset using Guid(6769c3d645e16374a8ba6a960fed860a) Importer(815301076,1909f56bfc062723c751e8b465ee728b) [PhysX] Initialized MultithreadedTaskDispatcher with 12 workers.
[PhysX] Initialized MultithreadedTaskDispatcher with 12 workers.
 -> (artifact id: '6a8edf6774397abbc3472326dcdad950') in 0.008429 seconds
Number of updated asset objects reloaded before import = 0
Number of asset objects unloaded after import = 3
========================================================================
Received Import Request.
  Time since last request: 0.000048 seconds.
  path: Assets/PolygonDarkFantasy/Models/SM_Bld_Roof_Ruin_Straight_02.fbx
  artifactKey: Guid(ed74e1218a03b674892cb5314bbbec65) Importer(815301076,1909f56bfc062723c751e8b465ee728b)
Start importing Assets/PolygonDarkFantasy/Models/SM_Bld_Roof_Ruin_Straight_02.fbx using Guid(ed74e1218a03b674892cb5314bbbec65) Importer(815301076,1909f56bfc062723c751e8b465ee728b) [PhysX] Initialized MultithreadedTaskDispatcher with 12 workers.
[PhysX] Initialized MultithreadedTaskDispatcher with 12 workers.
[PhysX] Initialized MultithreadedTaskDispatcher with 12 workers.
 -> (artifact id: 'ca5ec784efbf7b7f03158adc3c35ef12') in 0.013304 seconds
Number of updated asset objects reloaded before import = 0
Number of asset objects unloaded after import = 7
========================================================================
Received Import Request.
  Time since last request: 0.277520 seconds.
  path: Assets/PolygonDarkFantasy/Models/SM_Bld_Wall_Door_Ruin_02.fbx
  artifactKey: Guid(e3d4b3a0b3861b6428ec1bce4a9fb52d) Importer(815301076,1909f56bfc062723c751e8b465ee728b)
Start importing Assets/PolygonDarkFantasy/Models/SM_Bld_Wall_Door_Ruin_02.fbx using Guid(e3d4b3a0b3861b6428ec1bce4a9fb52d) Importer(815301076,1909f56bfc062723c751e8b465ee728b) [PhysX] Initialized MultithreadedTaskDispatcher with 12 workers.
[PhysX] Initialized MultithreadedTaskDispatcher with 12 workers.
[PhysX] Initialized MultithreadedTaskDispatcher with 12 workers.
 -> (artifact id: 'ee1247eaf8285feb6b1d715e7c698cdc') in 0.012133 seconds
Number of updated asset objects reloaded before import = 0
Number of asset objects unloaded after import = 7
========================================================================
Received Import Request.
  Time since last request: 0.033672 seconds.
  path: Assets/PolygonDarkFantasy/Models/Collision/Convex/SM_Bld_Wall_Ruin_02_Convex.asset
  artifactKey: Guid(6fb3b687d1eab87449298c02a6f6bd62) Importer(815301076,1909f56bfc062723c751e8b465ee728b)
Start importing Assets/PolygonDarkFantasy/Models/Collision/Convex/SM_Bld_Wall_Ruin_02_Convex.asset using Guid(6fb3b687d1eab87449298c02a6f6bd62) Importer(815301076,1909f56bfc062723c751e8b465ee728b) [PhysX] Initialized MultithreadedTaskDispatcher with 12 workers.
[PhysX] Initialized MultithreadedTaskDispatcher with 12 workers.
 -> (artifact id: '9e25781ba69312685be2c4a7eb19240f') in 0.012217 seconds
Number of updated asset objects reloaded before import = 0
Number of asset objects unloaded after import = 3
========================================================================
Received Import Request.
  Time since last request: 0.000407 seconds.
  path: Assets/PolygonDarkFantasy/Models/SM_Bld_Wall_Ruin_04.fbx
  artifactKey: Guid(1fd444c1d81f5c24e9b391e68303e632) Importer(815301076,1909f56bfc062723c751e8b465ee728b)
Start importing Assets/PolygonDarkFantasy/Models/SM_Bld_Wall_Ruin_04.fbx using Guid(1fd444c1d81f5c24e9b391e68303e632) Importer(815301076,1909f56bfc062723c751e8b465ee728b) [PhysX] Initialized MultithreadedTaskDispatcher with 12 workers.
[PhysX] Initialized MultithreadedTaskDispatcher with 12 workers.
[PhysX] Initialized MultithreadedTaskDispatcher with 12 workers.
 -> (artifact id: '7adaba7e9728a9e994ec6afdd05a9df4') in 0.016474 seconds
Number of updated asset objects reloaded before import = 0
Number of asset objects unloaded after import = 7
========================================================================
Received Import Request.
  Time since last request: 0.001507 seconds.
  path: Assets/PolygonDarkFantasy/Models/Collision/Convex/SM_Bld_Wall_Ruin_04_Convex.asset
  artifactKey: Guid(3a27819ae840a3a48aaf67d89c0ab0da) Importer(815301076,1909f56bfc062723c751e8b465ee728b)
Start importing Assets/PolygonDarkFantasy/Models/Collision/Convex/SM_Bld_Wall_Ruin_04_Convex.asset using Guid(3a27819ae840a3a48aaf67d89c0ab0da) Importer(815301076,1909f56bfc062723c751e8b465ee728b) [PhysX] Initialized MultithreadedTaskDispatcher with 12 workers.
[PhysX] Initialized MultithreadedTaskDispatcher with 12 workers.
 -> (artifact id: 'd80fe3952b8838853963ee89617847cb') in 0.018059 seconds
Number of updated asset objects reloaded before import = 0
Number of asset objects unloaded after import = 3
========================================================================
Received Import Request.
  Time since last request: 0.000024 seconds.
  path: Assets/PolygonDarkFantasy/Models/Collision/Convex/SM_Bld_Wall_Ruin_06_Convex.asset
  artifactKey: Guid(284165563697a5a40bc8cf10ca1c32dc) Importer(815301076,1909f56bfc062723c751e8b465ee728b)
Start importing Assets/PolygonDarkFantasy/Models/Collision/Convex/SM_Bld_Wall_Ruin_06_Convex.asset using Guid(284165563697a5a40bc8cf10ca1c32dc) Importer(815301076,1909f56bfc062723c751e8b465ee728b) [PhysX] Initialized MultithreadedTaskDispatcher with 12 workers.
[PhysX] Initialized MultithreadedTaskDispatcher with 12 workers.
 -> (artifact id: '3b2503a5ff878a89ea02820b37842e92') in 0.017017 seconds
Number of updated asset objects reloaded before import = 0
Number of asset objects unloaded after import = 3
========================================================================
Received Import Request.
  Time since last request: 0.000037 seconds.
  path: Assets/PolygonDarkFantasy/Models/Collision/Convex/SM_Bld_Wall_Ruin_04_Convex 1.asset
  artifactKey: Guid(d821673a5047d7e45a7d35e3c70f3341) Importer(815301076,1909f56bfc062723c751e8b465ee728b)
Start importing Assets/PolygonDarkFantasy/Models/Collision/Convex/SM_Bld_Wall_Ruin_04_Convex 1.asset using Guid(d821673a5047d7e45a7d35e3c70f3341) Importer(815301076,1909f56bfc062723c751e8b465ee728b) [PhysX] Initialized MultithreadedTaskDispatcher with 12 workers.
[PhysX] Initialized MultithreadedTaskDispatcher with 12 workers.
[PhysX] Initialized MultithreadedTaskDispatcher with 12 workers.
 -> (artifact id: '8317b30f0b392e0dc9cad94a2e5e7a96') in 0.019086 seconds
Number of updated asset objects reloaded before import = 0
Number of asset objects unloaded after import = 4
========================================================================
Received Import Request.
  Time since last request: 0.000021 seconds.
  path: Assets/PolygonDarkFantasy/Models/Collision/Convex/SM_Bld_Wall_Ruin_05_Convex.asset
  artifactKey: Guid(761258ccb848fac4e8f8f9b7335da1db) Importer(815301076,1909f56bfc062723c751e8b465ee728b)
Start importing Assets/PolygonDarkFantasy/Models/Collision/Convex/SM_Bld_Wall_Ruin_05_Convex.asset using Guid(761258ccb848fac4e8f8f9b7335da1db) Importer(815301076,1909f56bfc062723c751e8b465ee728b) [PhysX] Initialized MultithreadedTaskDispatcher with 12 workers.
[PhysX] Initialized MultithreadedTaskDispatcher with 12 workers.
 -> (artifact id: 'e72fa3226c8a562bc1d52fa8cc711657') in 0.009737 seconds
Number of updated asset objects reloaded before import = 0
Number of asset objects unloaded after import = 3
========================================================================
Received Import Request.
  Time since last request: 0.000026 seconds.
  path: Assets/PolygonDarkFantasy/Models/SM_Bld_Wall_Ruin_05.fbx
  artifactKey: Guid(3f4eecfbe8d19274ba049380a53231ae) Importer(815301076,1909f56bfc062723c751e8b465ee728b)
Start importing Assets/PolygonDarkFantasy/Models/SM_Bld_Wall_Ruin_05.fbx using Guid(3f4eecfbe8d19274ba049380a53231ae) Importer(815301076,1909f56bfc062723c751e8b465ee728b) [PhysX] Initialized MultithreadedTaskDispatcher with 12 workers.
[PhysX] Initialized MultithreadedTaskDispatcher with 12 workers.
[PhysX] Initialized MultithreadedTaskDispatcher with 12 workers.
 -> (artifact id: '59851864a656e7e4bb227f3ff62871f4') in 0.012660 seconds
Number of updated asset objects reloaded before import = 0
Number of asset objects unloaded after import = 7
========================================================================
Received Import Request.
  Time since last request: 0.000025 seconds.
  path: Assets/PolygonDarkFantasy/Models/Collision/Convex/SM_Bld_Wall_Ruin_04_Convex 2.asset
  artifactKey: Guid(338b883e217b8e24b8d2c36597d5dd38) Importer(815301076,1909f56bfc062723c751e8b465ee728b)
Start importing Assets/PolygonDarkFantasy/Models/Collision/Convex/SM_Bld_Wall_Ruin_04_Convex 2.asset using Guid(338b883e217b8e24b8d2c36597d5dd38) Importer(815301076,1909f56bfc062723c751e8b465ee728b) [PhysX] Initialized MultithreadedTaskDispatcher with 12 workers.
[PhysX] Initialized MultithreadedTaskDispatcher with 12 workers.
[PhysX] Initialized MultithreadedTaskDispatcher with 12 workers.
[PhysX] Initialized MultithreadedTaskDispatcher with 12 workers.
 -> (artifact id: '032a06fe2d62aead6bc2c41367c4fe4a') in 0.016174 seconds
Number of updated asset objects reloaded before import = 0
Number of asset objects unloaded after import = 5
========================================================================
Received Import Request.
  Time since last request: 1.246348 seconds.
  path: Assets/PolygonDarkFantasy/Models/Collision/Convex/SM_Bld_Wall_Ruin_End_01_Convex.asset
  artifactKey: Guid(e87267e5b1e20d24bbef0c50e4b079d8) Importer(815301076,1909f56bfc062723c751e8b465ee728b)
Start importing Assets/PolygonDarkFantasy/Models/Collision/Convex/SM_Bld_Wall_Ruin_End_01_Convex.asset using Guid(e87267e5b1e20d24bbef0c50e4b079d8) Importer(815301076,1909f56bfc062723c751e8b465ee728b) [PhysX] Initialized MultithreadedTaskDispatcher with 12 workers.
[PhysX] Initialized MultithreadedTaskDispatcher with 12 workers.
 -> (artifact id: 'f6d03056a2163b966114b2f51c61b022') in 0.008244 seconds
Number of updated asset objects reloaded before import = 0
Number of asset objects unloaded after import = 3
========================================================================
Received Import Request.
  Time since last request: 0.000014 seconds.
  path: Assets/PolygonDarkFantasy/Models/Collision/Convex/SM_Bld_Wall_Ruin_End_03_Convex 1.asset
  artifactKey: Guid(78ea22bc413288747b3cccd516a032e5) Importer(815301076,1909f56bfc062723c751e8b465ee728b)
Start importing Assets/PolygonDarkFantasy/Models/Collision/Convex/SM_Bld_Wall_Ruin_End_03_Convex 1.asset using Guid(78ea22bc413288747b3cccd516a032e5) Importer(815301076,1909f56bfc062723c751e8b465ee728b) [PhysX] Initialized MultithreadedTaskDispatcher with 12 workers.
[PhysX] Initialized MultithreadedTaskDispatcher with 12 workers.
 -> (artifact id: 'a286db17e047596c0370f0b1ff68feb4') in 0.006916 seconds
Number of updated asset objects reloaded before import = 0
Number of asset objects unloaded after import = 3
========================================================================
Received Import Request.
  Time since last request: 0.000105 seconds.
  path: Assets/PolygonDarkFantasy/Models/Collision/Convex/SM_Bld_Wall_Ruin_End_03_Convex.asset
  artifactKey: Guid(c6f62ac6028ffd143b4c96770aadee6c) Importer(815301076,1909f56bfc062723c751e8b465ee728b)
Start importing Assets/PolygonDarkFantasy/Models/Collision/Convex/SM_Bld_Wall_Ruin_End_03_Convex.asset using Guid(c6f62ac6028ffd143b4c96770aadee6c) Importer(815301076,1909f56bfc062723c751e8b465ee728b) [PhysX] Initialized MultithreadedTaskDispatcher with 12 workers.
[PhysX] Initialized MultithreadedTaskDispatcher with 12 workers.
 -> (artifact id: 'b7c076a2a0431754f539db12332b8672') in 0.007103 seconds
Number of updated asset objects reloaded before import = 0
Number of asset objects unloaded after import = 3
========================================================================
Received Import Request.
  Time since last request: 0.000018 seconds.
  path: Assets/PolygonDarkFantasy/Models/Collision/Convex/SM_Bld_Wall_Ruin_End_02_Convex.asset
  artifactKey: Guid(0a1bf75243c0b874fbc9a565d3ab7bc1) Importer(815301076,1909f56bfc062723c751e8b465ee728b)
Start importing Assets/PolygonDarkFantasy/Models/Collision/Convex/SM_Bld_Wall_Ruin_End_02_Convex.asset using Guid(0a1bf75243c0b874fbc9a565d3ab7bc1) Importer(815301076,1909f56bfc062723c751e8b465ee728b) [PhysX] Initialized MultithreadedTaskDispatcher with 12 workers.
[PhysX] Initialized MultithreadedTaskDispatcher with 12 workers.
 -> (artifact id: 'ae086ecb61e96a73325de3fa9ca75633') in 0.006952 seconds
Number of updated asset objects reloaded before import = 0
Number of asset objects unloaded after import = 3
========================================================================
Received Import Request.
  Time since last request: 0.000025 seconds.
  path: Assets/PolygonDarkFantasy/Models/SM_Bld_Wall_Ruin_End_03.fbx
  artifactKey: Guid(7efc0d5cd21e737489a8358d1139361a) Importer(815301076,1909f56bfc062723c751e8b465ee728b)
Start importing Assets/PolygonDarkFantasy/Models/SM_Bld_Wall_Ruin_End_03.fbx using Guid(7efc0d5cd21e737489a8358d1139361a) Importer(815301076,1909f56bfc062723c751e8b465ee728b) [PhysX] Initialized MultithreadedTaskDispatcher with 12 workers.
[PhysX] Initialized MultithreadedTaskDispatcher with 12 workers.
[PhysX] Initialized MultithreadedTaskDispatcher with 12 workers.
 -> (artifact id: '4ef16b19257d4165ca37e5f165202757') in 0.009918 seconds
Number of updated asset objects reloaded before import = 0
Number of asset objects unloaded after import = 7
========================================================================
Received Import Request.
  Time since last request: 0.000016 seconds.
  path: Assets/PolygonNatureBiomes/PNB_Enchanted_Forest/Models/SM_Prop_Ruins_03.fbx
  artifactKey: Guid(c00777c1e2b6e504ca3bce105a0ab8c7) Importer(815301076,1909f56bfc062723c751e8b465ee728b)
Start importing Assets/PolygonNatureBiomes/PNB_Enchanted_Forest/Models/SM_Prop_Ruins_03.fbx using Guid(c00777c1e2b6e504ca3bce105a0ab8c7) Importer(815301076,1909f56bfc062723c751e8b465ee728b) [PhysX] Initialized MultithreadedTaskDispatcher with 12 workers.
[PhysX] Initialized MultithreadedTaskDispatcher with 12 workers.
[PhysX] Initialized MultithreadedTaskDispatcher with 12 workers.
 -> (artifact id: '37793c086e9e7411aa2a1dc74f35b025') in 0.012473 seconds
Number of updated asset objects reloaded before import = 0
Number of asset objects unloaded after import = 7
========================================================================
Received Import Request.
  Time since last request: 0.000014 seconds.
  path: Assets/PolygonNatureBiomes/PNB_Enchanted_Forest/Models/SM_Prop_Ruins_02.fbx
  artifactKey: Guid(4f4a57247804a554d8bdfde93fc515f9) Importer(815301076,1909f56bfc062723c751e8b465ee728b)
Start importing Assets/PolygonNatureBiomes/PNB_Enchanted_Forest/Models/SM_Prop_Ruins_02.fbx using Guid(4f4a57247804a554d8bdfde93fc515f9) Importer(815301076,1909f56bfc062723c751e8b465ee728b) [PhysX] Initialized MultithreadedTaskDispatcher with 12 workers.
[PhysX] Initialized MultithreadedTaskDispatcher with 12 workers.
[PhysX] Initialized MultithreadedTaskDispatcher with 12 workers.
 -> (artifact id: 'd6fae93acb66a720f555cf74327cf060') in 0.010886 seconds
Number of updated asset objects reloaded before import = 0
Number of asset objects unloaded after import = 7
========================================================================
Received Import Request.
  Time since last request: 0.015288 seconds.
  path: Assets/PolygonNatureBiomes/PNB_Enchanted_Forest/Models/SM_Prop_Ruins_04.fbx
  artifactKey: Guid(66571af2542ccd646affc5fa4f1aa237) Importer(815301076,1909f56bfc062723c751e8b465ee728b)
Start importing Assets/PolygonNatureBiomes/PNB_Enchanted_Forest/Models/SM_Prop_Ruins_04.fbx using Guid(66571af2542ccd646affc5fa4f1aa237) Importer(815301076,1909f56bfc062723c751e8b465ee728b) [PhysX] Initialized MultithreadedTaskDispatcher with 12 workers.
[PhysX] Initialized MultithreadedTaskDispatcher with 12 workers.
[PhysX] Initialized MultithreadedTaskDispatcher with 12 workers.
 -> (artifact id: 'ee6e3976f488ea3516b7dd8441bff46a') in 0.019418 seconds
Number of updated asset objects reloaded before import = 0
Number of asset objects unloaded after import = 7
========================================================================
Received Import Request.
  Time since last request: 0.000016 seconds.
  path: Assets/PolygonDarkFantasy/Textures/Misc/Stucco_Ruin_Normals_01.png
  artifactKey: Guid(da424a3a2f2cbfd4b9a5ec52c8e1432a) Importer(815301076,1909f56bfc062723c751e8b465ee728b)
Start importing Assets/PolygonDarkFantasy/Textures/Misc/Stucco_Ruin_Normals_01.png using Guid(da424a3a2f2cbfd4b9a5ec52c8e1432a) Importer(815301076,1909f56bfc062723c751e8b465ee728b) [PhysX] Initialized MultithreadedTaskDispatcher with 12 workers.
[PhysX] Initialized MultithreadedTaskDispatcher with 12 workers.
 -> (artifact id: 'afceb1ae3fc68c22563aaf5f66b403c3') in 0.033800 seconds
Number of updated asset objects reloaded before import = 0
Number of asset objects unloaded after import = 2
========================================================================
Received Import Request.
  Time since last request: 577.438359 seconds.
  path: Assets/PolygonDarkFantasy/FX/FX_Materials/Moon_02.mat
  artifactKey: Guid(abb06e376a2d6714aafee0ad7fa53812) Importer(815301076,1909f56bfc062723c751e8b465ee728b)
Start importing Assets/PolygonDarkFantasy/FX/FX_Materials/Moon_02.mat using Guid(abb06e376a2d6714aafee0ad7fa53812) Importer(815301076,1909f56bfc062723c751e8b465ee728b) [PhysX] Initialized MultithreadedTaskDispatcher with 12 workers.
[PhysX] Initialized MultithreadedTaskDispatcher with 12 workers.
 -> (artifact id: 'a897b0d7e7bb965b03a3f909a510e884') in 0.148404 seconds
Number of updated asset objects reloaded before import = 0
Number of asset objects unloaded after import = 2
========================================================================
Received Import Request.
  Time since last request: 9.578121 seconds.
  path: Assets/PolygonDarkFantasy/Models/Collision/SM_Bld_Partition_Door_01_Collision.fbx
  artifactKey: Guid(1dd5718c54b18a7488429bf27d7c7670) Importer(815301076,1909f56bfc062723c751e8b465ee728b)
Start importing Assets/PolygonDarkFantasy/Models/Collision/SM_Bld_Partition_Door_01_Collision.fbx using Guid(1dd5718c54b18a7488429bf27d7c7670) Importer(815301076,1909f56bfc062723c751e8b465ee728b) [PhysX] Initialized MultithreadedTaskDispatcher with 12 workers.
[PhysX] Initialized MultithreadedTaskDispatcher with 12 workers.
[PhysX] Initialized MultithreadedTaskDispatcher with 12 workers.
[PhysX] Initialized MultithreadedTaskDispatcher with 12 workers.
 -> (artifact id: 'f74700e20eb4bbc2af409ee610ec14a7') in 0.018723 seconds
Number of updated asset objects reloaded before import = 0
Number of asset objects unloaded after import = 8
========================================================================
Received Import Request.
  Time since last request: 0.010099 seconds.
  path: Assets/PolygonDarkFantasy/Models/Collision/SM_Bld_Gates_Cemetary_01_Collision.fbx
  artifactKey: Guid(83d7a72fc32302f40a4d23a7a6f6eeff) Importer(815301076,1909f56bfc062723c751e8b465ee728b)
Start importing Assets/PolygonDarkFantasy/Models/Collision/SM_Bld_Gates_Cemetary_01_Collision.fbx using Guid(83d7a72fc32302f40a4d23a7a6f6eeff) Importer(815301076,1909f56bfc062723c751e8b465ee728b) [PhysX] Initialized MultithreadedTaskDispatcher with 12 workers.
[PhysX] Initialized MultithreadedTaskDispatcher with 12 workers.
[PhysX] Initialized MultithreadedTaskDispatcher with 12 workers.
[PhysX] Initialized MultithreadedTaskDispatcher with 12 workers.
 -> (artifact id: '107130eb9bd3494e0d490cd1760a8fe9') in 0.019942 seconds
Number of updated asset objects reloaded before import = 0
Number of asset objects unloaded after import = 8
========================================================================
Received Import Request.
  Time since last request: 0.068911 seconds.
  path: Assets/PolygonDarkFantasy/Models/Collision/SM_Bld_Bridge_Base_01_Damaged_02_collision.fbx
  artifactKey: Guid(d54f30465b518874d97fab4f70c13fea) Importer(815301076,1909f56bfc062723c751e8b465ee728b)
Start importing Assets/PolygonDarkFantasy/Models/Collision/SM_Bld_Bridge_Base_01_Damaged_02_collision.fbx using Guid(d54f30465b518874d97fab4f70c13fea) Importer(815301076,1909f56bfc062723c751e8b465ee728b) [PhysX] Initialized MultithreadedTaskDispatcher with 12 workers.
[PhysX] Initialized MultithreadedTaskDispatcher with 12 workers.
[PhysX] Initialized MultithreadedTaskDispatcher with 12 workers.
[PhysX] Initialized MultithreadedTaskDispatcher with 12 workers.
 -> (artifact id: '8c96d338234ed3ae29027f2bea0bca9e') in 0.027497 seconds
Number of updated asset objects reloaded before import = 0
Number of asset objects unloaded after import = 8
========================================================================
Received Import Request.
  Time since last request: 0.000024 seconds.
  path: Assets/PolygonDarkFantasy/Models/Collision/SM_Bld_Base_Wall_Door_Double_Large_01_Collision.fbx
  artifactKey: Guid(cb166ffdb77a7594585cf99d8a6f7692) Importer(815301076,1909f56bfc062723c751e8b465ee728b)
Start importing Assets/PolygonDarkFantasy/Models/Collision/SM_Bld_Base_Wall_Door_Double_Large_01_Collision.fbx using Guid(cb166ffdb77a7594585cf99d8a6f7692) Importer(815301076,1909f56bfc062723c751e8b465ee728b) [PhysX] Initialized MultithreadedTaskDispatcher with 12 workers.
[PhysX] Initialized MultithreadedTaskDispatcher with 12 workers.
[PhysX] Initialized MultithreadedTaskDispatcher with 12 workers.
[PhysX] Initialized MultithreadedTaskDispatcher with 12 workers.
 -> (artifact id: '52db059426722a6b1cbb714367cdf7c3') in 0.020325 seconds
Number of updated asset objects reloaded before import = 0
Number of asset objects unloaded after import = 8
========================================================================
Received Import Request.
  Time since last request: 0.000021 seconds.
  path: Assets/PolygonDarkFantasy/Models/Collision/SM_Bld_Bridge_Base_01_Damaged_03_Collision.fbx
  artifactKey: Guid(7c66bb951cb5a274fb1abccd1930742f) Importer(815301076,1909f56bfc062723c751e8b465ee728b)
Start importing Assets/PolygonDarkFantasy/Models/Collision/SM_Bld_Bridge_Base_01_Damaged_03_Collision.fbx using Guid(7c66bb951cb5a274fb1abccd1930742f) Importer(815301076,1909f56bfc062723c751e8b465ee728b) [PhysX] Initialized MultithreadedTaskDispatcher with 12 workers.
[PhysX] Initialized MultithreadedTaskDispatcher with 12 workers.
[PhysX] Initialized MultithreadedTaskDispatcher with 12 workers.
[PhysX] Initialized MultithreadedTaskDispatcher with 12 workers.
 -> (artifact id: '601f824fc1777a7235e78a1b12b1dead') in 0.028488 seconds
Number of updated asset objects reloaded before import = 0
Number of asset objects unloaded after import = 8
Editor requested this worker to shutdown with reason: Scaling down because of idle timeout
TcpMessagingSession - receive error: operation aborted. errorcode: 995, details: The I/O operation has been aborted because of either a thread exit or an application request.
AssetImportWorker is now disconnected from the server
Process exiting
Exiting without the bug reporter. Application will terminate with return code 0